[2015.08.09-14.01.36:801][  0]Log file open, 08/09/15 16:01:36
[2015.08.09-14.01.36:801][  0]LogInit:Display: Running engine for game: ProjectMad
[2015.08.09-14.01.36:801][  0]LogInit:Display: RandInit(682485434) SRandInit(682485435).
[2015.08.09-14.01.36:801][  0]LogTaskGraph: Started task graph with 4 named threads and 7 total threads.
[2015.08.09-14.01.36:801][  0]LogStats: Stats thread started
[2015.08.09-14.01.36:801][  0]LogInit: Version: 4.8.3-2634408+++depot+UE4-Releases+4.8
[2015.08.09-14.01.36:801][  0]LogInit: API Version: 2579680
[2015.08.09-14.01.36:801][  0]LogInit: Compiled (64-bit): Jul 27 2015 16:24:33
[2015.08.09-14.01.36:801][  0]LogInit: Compiled with Visual C++: 18.00.21005.01
[2015.08.09-14.01.36:801][  0]LogInit: Build Configuration: Development
[2015.08.09-14.01.36:801][  0]LogInit: Branch Name: ++depot+UE4-Releases+4.8
[2015.08.09-14.01.36:801][  0]LogInit: Command line: 
[2015.08.09-14.01.36:801][  0]LogInit: Base directory: C:/Program Files/Epic Games/4.8/Engine/Binaries/Win64/
[2015.08.09-14.01.36:801][  0]LogInit: Rocket: 1
[2015.08.09-14.01.36:816][  0]LogInit: Using libcurl 7.41.0
[2015.08.09-14.01.36:816][  0]LogInit:  - built for x86_64-pc-win32
[2015.08.09-14.01.36:816][  0]LogInit:  - supports SSL with WinSSL
[2015.08.09-14.01.36:816][  0]LogInit:  - other features:
[2015.08.09-14.01.36:816][  0]LogInit:      CURL_VERSION_SSL
[2015.08.09-14.01.36:816][  0]LogInit:      CURL_VERSION_IPV6
[2015.08.09-14.01.36:816][  0]LogInit:      CURL_VERSION_ASYNCHDNS
[2015.08.09-14.01.36:816][  0]LogInit:      CURL_VERSION_LARGEFILE
[2015.08.09-14.01.36:816][  0]LogInit:      CURL_VERSION_IDN
[2015.08.09-14.01.36:816][  0]LogInit:  CurlRequestOptions (configurable via config and command line):
[2015.08.09-14.01.36:816][  0]LogInit:  - bVerifyPeer = true  - Libcurl will verify peer certificate
[2015.08.09-14.01.36:816][  0]LogInit:  - bUseHttpProxy = false  - Libcurl will NOT use HTTP proxy
[2015.08.09-14.01.36:816][  0]LogInit:  - bDontReuseConnections = false  - Libcurl will reuse connections
[2015.08.09-14.01.36:816][  0]LogInit:  - CertBundlePath = nullptr  - Libcurl will use whatever was configured at build time.
[2015.08.09-14.01.36:830][  0]LogOnline:Warning: No default platform service specified for OnlineSubsystem
[2015.08.09-14.01.36:846][  0]LogInit: Presizing for 0 objects not considered by GC, pre-allocating 0 bytes.
[2015.08.09-14.01.36:855][  0]LogInit: Object subsystem initialized
[2015.08.09-14.01.36:863][  0]LogInit: Selected Device Profile: [Windows]
[2015.08.09-14.01.36:863][  0]LogInit: Applying CVar settings loaded from the selected device profile: [Windows]
[2015.08.09-14.01.36:869][  0]LogInit: Computer: DENNIS-HOME
[2015.08.09-14.01.36:869][  0]LogInit: User: Dennis
[2015.08.09-14.01.36:869][  0]LogInit: CPU Page size=4096, Cores=4
[2015.08.09-14.01.36:869][  0]LogInit: High frequency timer resolution =3.117922 MHz
[2015.08.09-14.01.36:869][  0]LogMemory: Memory total: Physical=8.0GB (8GB approx)
[2015.08.09-14.01.36:869][  0]LogMemory: Platform Memory Stats for Windows
[2015.08.09-14.01.36:869][  0]LogMemory: Process Physical Memory: 47.38 MB used, 47.38 MB peak
[2015.08.09-14.01.36:869][  0]LogMemory: Process Virtual Memory: 22.39 MB used, 22.39 MB peak
[2015.08.09-14.01.36:869][  0]LogMemory: Physical Memory: 5835.88 MB used, 8174.68 MB total
[2015.08.09-14.01.36:869][  0]LogMemory: Virtual Memory: 297.86 MB used, 134217728.00 MB total
[2015.08.09-14.01.36:905][  0]LogTextLocalizationManager: The requested culture ('de_DE') has no localization data; falling back to 'en' for localization and internationalization data.
[2015.08.09-14.01.37:146][  0]LogTextLocalizationManager:Warning: Loaded localization resources contain conflicting entries for (Namespace:ContentBrowser, Key:ImportAssetToolTip):
Localization Resource: (C:/Program Files/Epic Games/4.8/Engine/Content/Localization/Editor/en/Editor.locres) Source String Hash: (-630476809) Localized String: (Import to {0}...)
Localization Resource: (C:/Program Files/Epic Games/4.8/Engine/Content/Localization/Editor/en/Editor.locres) Source String Hash: (1271782899) Localized String: (Imports an asset from file to this folder.)
[2015.08.09-14.01.37:628][  0]LogD3D11RHI: Found D3D11 adapter 0: NVIDIA GeForce GTX 570  (Feature Level 11_0)
[2015.08.09-14.01.37:628][  0]LogD3D11RHI: Adapter has 1228MB of dedicated video memory, 0MB of dedicated system memory, and 2815MB of shared system memory, 2 output[s]
[2015.08.09-14.01.37:629][  0]LogD3D11RHI: Found D3D11 adapter 1: Microsoft Basic Render Driver (Feature Level 11_0)
[2015.08.09-14.01.37:629][  0]LogD3D11RHI: Adapter has 0MB of dedicated video memory, 0MB of dedicated system memory, and 256MB of shared system memory, 0 output[s]
[2015.08.09-14.01.37:630][  0]LogD3D11RHI: Chosen D3D11 Adapter Id = 0
[2015.08.09-14.01.37:635][  0]LogD3D11RHI: InitD3DDevice
[2015.08.09-14.01.37:635][  0]LogD3D11RHI: !Direct3DDevice
[2015.08.09-14.01.37:635][  0]LogRHI: Texture pool is 860 MB (70% of 1228 MB)
[2015.08.09-14.01.37:649][  0]LogD3D11RHI: Async texture creation enabled
[2015.08.09-14.01.37:668][  0]LogShaderCompilers:Display: Using Local Shader Compiler.
[2015.08.09-14.01.38:466][  0]LogTemp:Display: Loaded TP DesktopTargetPlatform
[2015.08.09-14.01.38:482][  0]LogTemp:Display: Loaded TP WindowsClientTargetPlatform
[2015.08.09-14.01.38:498][  0]LogTemp:Display: Loaded TP WindowsNoEditorTargetPlatform
[2015.08.09-14.01.38:516][  0]LogTemp:Display: Loaded TP WindowsServerTargetPlatform
[2015.08.09-14.01.38:537][  0]LogTemp:Display: Loaded TP WindowsTargetPlatform
[2015.08.09-14.01.38:552][  0]LogTemp:Display: Loaded TP AndroidTargetPlatform
[2015.08.09-14.01.38:566][  0]LogTemp:Display: Loaded TP Android_ASTCTargetPlatform
[2015.08.09-14.01.38:580][  0]LogTemp:Display: Loaded TP Android_ATCTargetPlatform
[2015.08.09-14.01.38:595][  0]LogTemp:Display: Loaded TP Android_DXTTargetPlatform
[2015.08.09-14.01.38:610][  0]LogTemp:Display: Loaded TP Android_ETC1TargetPlatform
[2015.08.09-14.01.38:625][  0]LogTemp:Display: Loaded TP Android_ETC2TargetPlatform
[2015.08.09-14.01.38:639][  0]LogTemp:Display: Loaded TP Android_PVRTCTargetPlatform
[2015.08.09-14.01.38:692][  0]LogTemp:Display: Loaded TP IOSTargetPlatform
[2015.08.09-14.01.38:705][  0]LogTemp:Display: Loaded TP LinuxNoEditorTargetPlatform
[2015.08.09-14.01.38:721][  0]LogTemp:Display: Loaded TP LinuxServerTargetPlatform
[2015.08.09-14.01.38:737][  0]LogTemp:Display: Loaded TP LinuxTargetPlatform
[2015.08.09-14.01.38:737][  0]LogTargetPlatformManager:Display: Building Assets For Windows
[2015.08.09-14.01.38:985][  0]LogDerivedDataCache:Display: Max Cache Size: 512 MB
[2015.08.09-14.01.39:041][  0]LogDerivedDataCache: Loaded boot cache 0.06s 53MB C:/Users/Dennis/AppData/Local/UnrealEngine/4.8/DerivedDataCache/Boot.ddc.
[2015.08.09-14.01.39:041][  0]LogDerivedDataCache:Display: Loaded Boot cache: C:/Users/Dennis/AppData/Local/UnrealEngine/4.8/DerivedDataCache/Boot.ddc
[2015.08.09-14.01.39:041][  0]LogDerivedDataCache: FDerivedDataBackendGraph:  Pak pak cache file E:/MAD/MAD/ProjectMad/DerivedDataCache/DDC.ddp not found, will not use a pak cache.
[2015.08.09-14.01.39:041][  0]LogDerivedDataCache: Unable to find inner node Pak for hierarchical cache Hierarchy.
[2015.08.09-14.01.39:041][  0]LogDerivedDataCache: FDerivedDataBackendGraph:  CompressedPak pak cache file E:/MAD/MAD/ProjectMad/DerivedDataCache/Compressed.ddp not found, will not use a pak cache.
[2015.08.09-14.01.39:041][  0]LogDerivedDataCache: Unable to find inner node CompressedPak for hierarchical cache Hierarchy.
[2015.08.09-14.01.39:207][  0]LogDerivedDataCache:Display: Pak cache opened for reading ../../../Engine/DerivedDataCache/Compressed.ddp.
[2015.08.09-14.01.39:219][  0]LogDerivedDataCache: Using Local data cache path C:/Users/Dennis/AppData/Local/UnrealEngine/Common/DerivedDataCache: Writable
[2015.08.09-14.01.39:474][  0]LogInit: Selected Device Profile: [Windows]
[2015.08.09-14.01.39:567][  0]ImportText (ComponentSweepMultiTests): Missing closing parenthesis: (RootShapeAsset="/Engine/BasicShapes/Cube.Cube",ShapeType="TriggerCapsule",HitResult=(Time=0.50,Location=(X=-100.000015,Y=0.0,Z=100.000015),ImpactPoint=(X=-50.0,Y=0.0,Z=50.0),Normal=(X=-1.0,Y=-0.0,Z=0.0),ImpactNormal=(X=0.0,Y=0.0,Z=1.0),TraceStart=(X=-200.0,Y=0.0,Z=200.0),TraceEnd=(X=0.0,Y=0.0,Z=0.0))
[2015.08.09-14.01.39:568][  0]ImportText (LineTraceSingleByChannelTests): Missing closing parenthesis: (RootShapeAsset="/Engine/BasicShapes/Cube.Cube",HitResult=(Time=0.50,Location=(X=-100.000015,Y=0.0,Z=100.000015),ImpactPoint=(X=-50.0,Y=0.0,Z=50.0),Normal=(X=-1.0,Y=-0.0,Z=0.0),ImpactNormal=(X=0.0,Y=0.0,Z=1.0),TraceStart=(X=-200.0,Y=0.0,Z=200.0),TraceEnd=(X=0.0,Y=0.0,Z=0.0))
[2015.08.09-14.01.39:598][  0]LogMeshUtilities: No automatic mesh reduction module available
[2015.08.09-14.01.39:598][  0]LogMeshUtilities: No automatic mesh merging module available
[2015.08.09-14.01.39:987][  0]LogInit: WinSock: version 1.1 (2.2), MaxSocks=32767, MaxUdp=65467
[2015.08.09-14.01.41:194][  0]UdpMessaging: Initializing bridge on interface 0.0.0.0:0 to multicast group 230.0.0.1:6666.
[2015.08.09-14.01.41:596][  0]SourceControl: Info Source control is disabled
[2015.08.09-14.01.41:608][  0]SourceControl: Info Source control is disabled
[2015.08.09-14.01.41:619][  0]SourceControl: Info Source control is disabled
[2015.08.09-14.01.41:631][  0]SourceControl: Info Source control is disabled
[2015.08.09-14.01.41:893][  0]LogObj: 26273 objects as part of root set at end of initial load.
[2015.08.09-14.01.41:893][  0]LogUObjectAllocator: 5409256 out of 0 bytes used by permanent object pool.
[2015.08.09-14.01.41:968][  0]LogEngine: Initializing Engine...
[2015.08.09-14.01.41:970][  0]LogHMD: Can't find Oculus library dev build: is proper Runtime installed? Version: 0.6.0.0
[2015.08.09-14.01.41:972][  0]LogHMD:Warning: SteamVR failed to initialize.  Error: 110
[2015.08.09-14.01.42:142][  0]LogAIModule: Creating AISystem for world NewWorld
[2015.08.09-14.01.42:153][  0]LogInit: XAudio2 using 'VoiceMeeter Input (VB-Audio VoiceMeeter VAIO)' : 2 channels at 44.1 kHz using 16 bits per sample (channel mask 0x3)
[2015.08.09-14.01.42:159][  0]LogInit: FAudioDevice initialized.
[2015.08.09-14.01.42:185][  0]LogDerivedDataCache: Saved boot cache 0.03s 53MB C:/Users/Dennis/AppData/Local/UnrealEngine/4.8/DerivedDataCache/Boot.ddc.
[2015.08.09-14.01.42:192][  0]LogInit: Texture streaming: Disabled
[2015.08.09-14.01.42:219][  0]LogAnalytics: Creating configured Analytics provider AnalyticsET
[2015.08.09-14.01.42:219][  0]LogAnalytics: [UEEditor.Rocket.Release] APIServer = http://et2.epicgames.com/ET2/. AppVersion = 4.8.3-2634408+++depot+UE4-Releases+4.8
[2015.08.09-14.01.42:220][  0]LogAnalytics: [UEEditor.Rocket.Release] SetUserId a2f0230a4ef396066d78448b0d97604d|05259b940108495c8c8c0e8ae17278e4|e48b5329-d4ea-4f1c-ab71-8e8c9c073206
[2015.08.09-14.01.42:220][  0]LogAnalytics: [UEEditor.Rocket.Release] AnalyticsET::StartSession
[2015.08.09-14.01.42:248][  0]LogInit: Transaction tracking system initialized
[2015.08.09-14.01.42:389][  0]BlueprintLog: New page: Editor Load
[2015.08.09-14.01.42:427][  0]LogAssetRegistry: FAssetRegistry took 0.0113 seconds to start up
[2015.08.09-14.01.42:427][  0]LogDirectoryWatcher:Warning: Failed to begin reading directory changes for ../../../Engine/Plugins/Experimental/CharacterAI/Content/. Error: 0
[2015.08.09-14.01.44:264][  0]LogConsoleManager:Warning: Console variable 'r.VSync' wasn't set ('GameSetting' has a lower priority than 'SystemSettingsIni')
[2015.08.09-14.01.44:265][  0]LogConsoleResponse:Display: 
[2015.08.09-14.01.44:398][  0]LogCook:Display: Done creating registry. It took  0.00s.
[2015.08.09-14.01.44:614][  0]SourceControl: Info Source control is disabled
[2015.08.09-14.01.44:621][  0]LogFactory: FactoryCreateBinary: PackFactory with PackFactory (0 0 C:/Program Files/Epic Games/4.8/FeaturePacks/StarterContent.upack)
[2015.08.09-14.01.44:644][  0]LogPackFactory: Finished extracting 8 files (including 0 errors).
[2015.08.09-14.01.44:646][  0]LogPackFactory: Copied "../../../Samples/StarterContent/Content/StarterContent/Architecture/Floor_400x400.uasset" to "E:/MAD/MAD/ProjectMad/Content/StarterContent/Architecture/Floor_400x400.uasset"
[2015.08.09-14.01.44:647][  0]LogPackFactory: Copied "../../../Samples/StarterContent/Content/StarterContent/Architecture/Pillar_50x500.uasset" to "E:/MAD/MAD/ProjectMad/Content/StarterContent/Architecture/Pillar_50x500.uasset"
[2015.08.09-14.01.44:649][  0]LogPackFactory: Copied "../../../Samples/StarterContent/Content/StarterContent/Architecture/SM_AssetPlatform.uasset" to "E:/MAD/MAD/ProjectMad/Content/StarterContent/Architecture/SM_AssetPlatform.uasset"
[2015.08.09-14.01.44:650][  0]LogPackFactory: Copied "../../../Samples/StarterContent/Content/StarterContent/Architecture/SM_CeilingPiece500x500.uasset" to "E:/MAD/MAD/ProjectMad/Content/StarterContent/Architecture/SM_CeilingPiece500x500.uasset"
[2015.08.09-14.01.44:650][  0]LogPackFactory: Copied "../../../Samples/StarterContent/Content/StarterContent/Architecture/SM_FloorPiece500x500.uasset" to "E:/MAD/MAD/ProjectMad/Content/StarterContent/Architecture/SM_FloorPiece500x500.uasset"
[2015.08.09-14.01.44:652][  0]LogPackFactory: Copied "../../../Samples/StarterContent/Content/StarterContent/Architecture/Wall_400x200.uasset" to "E:/MAD/MAD/ProjectMad/Content/StarterContent/Architecture/Wall_400x200.uasset"
[2015.08.09-14.01.44:653][  0]LogPackFactory: Copied "../../../Samples/StarterContent/Content/StarterContent/Architecture/Wall_400x300.uasset" to "E:/MAD/MAD/ProjectMad/Content/StarterContent/Architecture/Wall_400x300.uasset"
[2015.08.09-14.01.44:654][  0]LogPackFactory: Copied "../../../Samples/StarterContent/Content/StarterContent/Architecture/Wall_400x400.uasset" to "E:/MAD/MAD/ProjectMad/Content/StarterContent/Architecture/Wall_400x400.uasset"
[2015.08.09-14.01.44:655][  0]LogPackFactory: Copied "../../../Samples/StarterContent/Content/StarterContent/Architecture/Wall_500x500.uasset" to "E:/MAD/MAD/ProjectMad/Content/StarterContent/Architecture/Wall_500x500.uasset"
[2015.08.09-14.01.44:656][  0]LogPackFactory: Copied "../../../Samples/StarterContent/Content/StarterContent/Architecture/Wall_Door_400x300.uasset" to "E:/MAD/MAD/ProjectMad/Content/StarterContent/Architecture/Wall_Door_400x300.uasset"
[2015.08.09-14.01.44:656][  0]LogPackFactory: Copied "../../../Samples/StarterContent/Content/StarterContent/Architecture/Wall_Door_400x400.uasset" to "E:/MAD/MAD/ProjectMad/Content/StarterContent/Architecture/Wall_Door_400x400.uasset"
[2015.08.09-14.01.44:658][  0]LogPackFactory: Copied "../../../Samples/StarterContent/Content/StarterContent/Architecture/Wall_Window_400x300.uasset" to "E:/MAD/MAD/ProjectMad/Content/StarterContent/Architecture/Wall_Window_400x300.uasset"
[2015.08.09-14.01.44:658][  0]LogPackFactory: Copied "../../../Samples/StarterContent/Content/StarterContent/Architecture/Wall_Window_400x400.uasset" to "E:/MAD/MAD/ProjectMad/Content/StarterContent/Architecture/Wall_Window_400x400.uasset"
[2015.08.09-14.01.44:661][  0]LogPackFactory: Copied "../../../Samples/StarterContent/Content/StarterContent/Audio/Collapse01.uasset" to "E:/MAD/MAD/ProjectMad/Content/StarterContent/Audio/Collapse01.uasset"
[2015.08.09-14.01.44:663][  0]LogPackFactory: Copied "../../../Samples/StarterContent/Content/StarterContent/Audio/Collapse02.uasset" to "E:/MAD/MAD/ProjectMad/Content/StarterContent/Audio/Collapse02.uasset"
[2015.08.09-14.01.44:663][  0]LogPackFactory: Copied "../../../Samples/StarterContent/Content/StarterContent/Audio/Collapse_Cue.uasset" to "E:/MAD/MAD/ProjectMad/Content/StarterContent/Audio/Collapse_Cue.uasset"
[2015.08.09-14.01.44:665][  0]LogPackFactory: Copied "../../../Samples/StarterContent/Content/StarterContent/Audio/Explosion01.uasset" to "E:/MAD/MAD/ProjectMad/Content/StarterContent/Audio/Explosion01.uasset"
[2015.08.09-14.01.44:667][  0]LogPackFactory: Copied "../../../Samples/StarterContent/Content/StarterContent/Audio/Explosion02.uasset" to "E:/MAD/MAD/ProjectMad/Content/StarterContent/Audio/Explosion02.uasset"
[2015.08.09-14.01.44:668][  0]LogPackFactory: Copied "../../../Samples/StarterContent/Content/StarterContent/Audio/Explosion_Cue.uasset" to "E:/MAD/MAD/ProjectMad/Content/StarterContent/Audio/Explosion_Cue.uasset"
[2015.08.09-14.01.44:671][  0]LogPackFactory: Copied "../../../Samples/StarterContent/Content/StarterContent/Audio/Fire01.uasset" to "E:/MAD/MAD/ProjectMad/Content/StarterContent/Audio/Fire01.uasset"
[2015.08.09-14.01.44:672][  0]LogPackFactory: Copied "../../../Samples/StarterContent/Content/StarterContent/Audio/Fire01_Cue.uasset" to "E:/MAD/MAD/ProjectMad/Content/StarterContent/Audio/Fire01_Cue.uasset"
[2015.08.09-14.01.44:675][  0]LogPackFactory: Copied "../../../Samples/StarterContent/Content/StarterContent/Audio/Fire_Sparks01.uasset" to "E:/MAD/MAD/ProjectMad/Content/StarterContent/Audio/Fire_Sparks01.uasset"
[2015.08.09-14.01.44:676][  0]LogPackFactory: Copied "../../../Samples/StarterContent/Content/StarterContent/Audio/Fire_Sparks01_Cue.uasset" to "E:/MAD/MAD/ProjectMad/Content/StarterContent/Audio/Fire_Sparks01_Cue.uasset"
[2015.08.09-14.01.44:678][  0]LogPackFactory: Copied "../../../Samples/StarterContent/Content/StarterContent/Audio/Light01.uasset" to "E:/MAD/MAD/ProjectMad/Content/StarterContent/Audio/Light01.uasset"
[2015.08.09-14.01.44:679][  0]LogPackFactory: Copied "../../../Samples/StarterContent/Content/StarterContent/Audio/Light01_Cue.uasset" to "E:/MAD/MAD/ProjectMad/Content/StarterContent/Audio/Light01_Cue.uasset"
[2015.08.09-14.01.44:680][  0]LogPackFactory: Copied "../../../Samples/StarterContent/Content/StarterContent/Audio/Light02.uasset" to "E:/MAD/MAD/ProjectMad/Content/StarterContent/Audio/Light02.uasset"
[2015.08.09-14.01.44:681][  0]LogPackFactory: Copied "../../../Samples/StarterContent/Content/StarterContent/Audio/Light02_Cue.uasset" to "E:/MAD/MAD/ProjectMad/Content/StarterContent/Audio/Light02_Cue.uasset"
[2015.08.09-14.01.44:684][  0]LogPackFactory: Copied "../../../Samples/StarterContent/Content/StarterContent/Audio/Smoke01.uasset" to "E:/MAD/MAD/ProjectMad/Content/StarterContent/Audio/Smoke01.uasset"
[2015.08.09-14.01.44:685][  0]LogPackFactory: Copied "../../../Samples/StarterContent/Content/StarterContent/Audio/Smoke01_Cue.uasset" to "E:/MAD/MAD/ProjectMad/Content/StarterContent/Audio/Smoke01_Cue.uasset"
[2015.08.09-14.01.44:685][  0]LogPackFactory: Copied "../../../Samples/StarterContent/Content/StarterContent/Audio/Starter_Background_Cue.uasset" to "E:/MAD/MAD/ProjectMad/Content/StarterContent/Audio/Starter_Background_Cue.uasset"
[2015.08.09-14.01.44:695][  0]LogPackFactory: Copied "../../../Samples/StarterContent/Content/StarterContent/Audio/Starter_Birds01.uasset" to "E:/MAD/MAD/ProjectMad/Content/StarterContent/Audio/Starter_Birds01.uasset"
[2015.08.09-14.01.44:720][  0]LogPackFactory: Copied "../../../Samples/StarterContent/Content/StarterContent/Audio/Starter_Music01.uasset" to "E:/MAD/MAD/ProjectMad/Content/StarterContent/Audio/Starter_Music01.uasset"
[2015.08.09-14.01.44:721][  0]LogPackFactory: Copied "../../../Samples/StarterContent/Content/StarterContent/Audio/Starter_Music_Cue.uasset" to "E:/MAD/MAD/ProjectMad/Content/StarterContent/Audio/Starter_Music_Cue.uasset"
[2015.08.09-14.01.44:728][  0]LogPackFactory: Copied "../../../Samples/StarterContent/Content/StarterContent/Audio/Starter_Wind05.uasset" to "E:/MAD/MAD/ProjectMad/Content/StarterContent/Audio/Starter_Wind05.uasset"
[2015.08.09-14.01.44:735][  0]LogPackFactory: Copied "../../../Samples/StarterContent/Content/StarterContent/Audio/Starter_Wind06.uasset" to "E:/MAD/MAD/ProjectMad/Content/StarterContent/Audio/Starter_Wind06.uasset"
[2015.08.09-14.01.44:739][  0]LogPackFactory: Copied "../../../Samples/StarterContent/Content/StarterContent/Audio/Steam01.uasset" to "E:/MAD/MAD/ProjectMad/Content/StarterContent/Audio/Steam01.uasset"
[2015.08.09-14.01.44:739][  0]LogPackFactory: Copied "../../../Samples/StarterContent/Content/StarterContent/Audio/Steam01_Cue.uasset" to "E:/MAD/MAD/ProjectMad/Content/StarterContent/Audio/Steam01_Cue.uasset"
[2015.08.09-14.01.44:741][  0]LogPackFactory: Copied "../../../Samples/StarterContent/Content/StarterContent/Blueprints/Blueprint_CeilingLight.uasset" to "E:/MAD/MAD/ProjectMad/Content/StarterContent/Blueprints/Blueprint_CeilingLight.uasset"
[2015.08.09-14.01.44:742][  0]LogPackFactory: Copied "../../../Samples/StarterContent/Content/StarterContent/Blueprints/Blueprint_Effect_Explosion.uasset" to "E:/MAD/MAD/ProjectMad/Content/StarterContent/Blueprints/Blueprint_Effect_Explosion.uasset"
[2015.08.09-14.01.44:742][  0]LogPackFactory: Copied "../../../Samples/StarterContent/Content/StarterContent/Blueprints/Blueprint_Effect_Fire.uasset" to "E:/MAD/MAD/ProjectMad/Content/StarterContent/Blueprints/Blueprint_Effect_Fire.uasset"
[2015.08.09-14.01.44:743][  0]LogPackFactory: Copied "../../../Samples/StarterContent/Content/StarterContent/Blueprints/Blueprint_Effect_Smoke.uasset" to "E:/MAD/MAD/ProjectMad/Content/StarterContent/Blueprints/Blueprint_Effect_Smoke.uasset"
[2015.08.09-14.01.44:744][  0]LogPackFactory: Copied "../../../Samples/StarterContent/Content/StarterContent/Blueprints/Blueprint_Effect_Sparks.uasset" to "E:/MAD/MAD/ProjectMad/Content/StarterContent/Blueprints/Blueprint_Effect_Sparks.uasset"
[2015.08.09-14.01.44:745][  0]LogPackFactory: Copied "../../../Samples/StarterContent/Content/StarterContent/Blueprints/Blueprint_Effect_Steam.uasset" to "E:/MAD/MAD/ProjectMad/Content/StarterContent/Blueprints/Blueprint_Effect_Steam.uasset"
[2015.08.09-14.01.44:746][  0]LogPackFactory: Copied "../../../Samples/StarterContent/Content/StarterContent/Blueprints/Blueprint_WallSconce.uasset" to "E:/MAD/MAD/ProjectMad/Content/StarterContent/Blueprints/Blueprint_WallSconce.uasset"
[2015.08.09-14.01.44:748][  0]LogPackFactory: Copied "../../../Samples/StarterContent/Content/StarterContent/Blueprints/BP_LightStudio.uasset" to "E:/MAD/MAD/ProjectMad/Content/StarterContent/Blueprints/BP_LightStudio.uasset"
[2015.08.09-14.01.44:749][  0]LogPackFactory: Copied "../../../Samples/StarterContent/Content/StarterContent/Blueprints/Assets/FogBrightnessLUT.uasset" to "E:/MAD/MAD/ProjectMad/Content/StarterContent/Blueprints/Assets/FogBrightnessLUT.uasset"
[2015.08.09-14.01.44:750][  0]LogPackFactory: Copied "../../../Samples/StarterContent/Content/StarterContent/Blueprints/Assets/M_LightStage_Arrows.uasset" to "E:/MAD/MAD/ProjectMad/Content/StarterContent/Blueprints/Assets/M_LightStage_Arrows.uasset"
[2015.08.09-14.01.44:751][  0]LogPackFactory: Copied "../../../Samples/StarterContent/Content/StarterContent/Blueprints/Assets/M_LightStage_Skybox_Black.uasset" to "E:/MAD/MAD/ProjectMad/Content/StarterContent/Blueprints/Assets/M_LightStage_Skybox_Black.uasset"
[2015.08.09-14.01.44:752][  0]LogPackFactory: Copied "../../../Samples/StarterContent/Content/StarterContent/Blueprints/Assets/M_LightStage_Skybox_HDRI.uasset" to "E:/MAD/MAD/ProjectMad/Content/StarterContent/Blueprints/Assets/M_LightStage_Skybox_HDRI.uasset"
[2015.08.09-14.01.44:753][  0]LogPackFactory: Copied "../../../Samples/StarterContent/Content/StarterContent/Blueprints/Assets/M_LightStage_Skybox_Master.uasset" to "E:/MAD/MAD/ProjectMad/Content/StarterContent/Blueprints/Assets/M_LightStage_Skybox_Master.uasset"
[2015.08.09-14.01.44:756][  0]LogPackFactory: Copied "../../../Samples/StarterContent/Content/StarterContent/Blueprints/Assets/Skybox.uasset" to "E:/MAD/MAD/ProjectMad/Content/StarterContent/Blueprints/Assets/Skybox.uasset"
[2015.08.09-14.01.44:758][  0]LogPackFactory: Copied "../../../Samples/StarterContent/Content/StarterContent/Blueprints/Assets/SM_Arrows.uasset" to "E:/MAD/MAD/ProjectMad/Content/StarterContent/Blueprints/Assets/SM_Arrows.uasset"
[2015.08.09-14.01.44:759][  0]LogPackFactory: Copied "../../../Samples/StarterContent/Content/StarterContent/Blueprints/Assets/SunlightColorLUT.uasset" to "E:/MAD/MAD/ProjectMad/Content/StarterContent/Blueprints/Assets/SunlightColorLUT.uasset"
[2015.08.09-14.01.44:940][  0]LogPackFactory: Copied "../../../Samples/StarterContent/Content/StarterContent/HDRI/HDRI_Epic_Courtyard_Daylight.uasset" to "E:/MAD/MAD/ProjectMad/Content/StarterContent/HDRI/HDRI_Epic_Courtyard_Daylight.uasset"
[2015.08.09-14.01.44:942][  0]LogPackFactory: Copied "../../../Samples/StarterContent/Content/StarterContent/Maps/Advanced_Lighting.umap" to "E:/MAD/MAD/ProjectMad/Content/StarterContent/Maps/Advanced_Lighting.umap"
[2015.08.09-14.01.44:950][  0]LogPackFactory: Copied "../../../Samples/StarterContent/Content/StarterContent/Maps/Minimal_Default.umap" to "E:/MAD/MAD/ProjectMad/Content/StarterContent/Maps/Minimal_Default.umap"
[2015.08.09-14.01.44:995][  0]LogPackFactory: Copied "../../../Samples/StarterContent/Content/StarterContent/Maps/StarterMap.umap" to "E:/MAD/MAD/ProjectMad/Content/StarterContent/Maps/StarterMap.umap"
[2015.08.09-14.01.44:996][  0]LogPackFactory: Copied "../../../Samples/StarterContent/Content/StarterContent/Materials/M_AssetPlatform.uasset" to "E:/MAD/MAD/ProjectMad/Content/StarterContent/Materials/M_AssetPlatform.uasset"
[2015.08.09-14.01.44:997][  0]LogPackFactory: Copied "../../../Samples/StarterContent/Content/StarterContent/Materials/M_Basic_Floor.uasset" to "E:/MAD/MAD/ProjectMad/Content/StarterContent/Materials/M_Basic_Floor.uasset"
[2015.08.09-14.01.44:998][  0]LogPackFactory: Copied "../../../Samples/StarterContent/Content/StarterContent/Materials/M_Basic_Wall.uasset" to "E:/MAD/MAD/ProjectMad/Content/StarterContent/Materials/M_Basic_Wall.uasset"
[2015.08.09-14.01.44:999][  0]LogPackFactory: Copied "../../../Samples/StarterContent/Content/StarterContent/Materials/M_Brick_Clay_Beveled.uasset" to "E:/MAD/MAD/ProjectMad/Content/StarterContent/Materials/M_Brick_Clay_Beveled.uasset"
[2015.08.09-14.01.45:000][  0]LogPackFactory: Copied "../../../Samples/StarterContent/Content/StarterContent/Materials/M_Brick_Clay_New.uasset" to "E:/MAD/MAD/ProjectMad/Content/StarterContent/Materials/M_Brick_Clay_New.uasset"
[2015.08.09-14.01.45:001][  0]LogPackFactory: Copied "../../../Samples/StarterContent/Content/StarterContent/Materials/M_Brick_Clay_Old.uasset" to "E:/MAD/MAD/ProjectMad/Content/StarterContent/Materials/M_Brick_Clay_Old.uasset"
[2015.08.09-14.01.45:003][  0]LogPackFactory: Copied "../../../Samples/StarterContent/Content/StarterContent/Materials/M_Brick_Cut_Stone.uasset" to "E:/MAD/MAD/ProjectMad/Content/StarterContent/Materials/M_Brick_Cut_Stone.uasset"
[2015.08.09-14.01.45:004][  0]LogPackFactory: Copied "../../../Samples/StarterContent/Content/StarterContent/Materials/M_Brick_Hewn_Stone.uasset" to "E:/MAD/MAD/ProjectMad/Content/StarterContent/Materials/M_Brick_Hewn_Stone.uasset"
[2015.08.09-14.01.45:005][  0]LogPackFactory: Copied "../../../Samples/StarterContent/Content/StarterContent/Materials/M_Ceramic_Tile_Checker.uasset" to "E:/MAD/MAD/ProjectMad/Content/StarterContent/Materials/M_Ceramic_Tile_Checker.uasset"
[2015.08.09-14.01.45:006][  0]LogPackFactory: Copied "../../../Samples/StarterContent/Content/StarterContent/Materials/M_CobbleStone_Pebble.uasset" to "E:/MAD/MAD/ProjectMad/Content/StarterContent/Materials/M_CobbleStone_Pebble.uasset"
[2015.08.09-14.01.45:008][  0]LogPackFactory: Copied "../../../Samples/StarterContent/Content/StarterContent/Materials/M_CobbleStone_Rough.uasset" to "E:/MAD/MAD/ProjectMad/Content/StarterContent/Materials/M_CobbleStone_Rough.uasset"
[2015.08.09-14.01.45:009][  0]LogPackFactory: Copied "../../../Samples/StarterContent/Content/StarterContent/Materials/M_CobbleStone_Smooth.uasset" to "E:/MAD/MAD/ProjectMad/Content/StarterContent/Materials/M_CobbleStone_Smooth.uasset"
[2015.08.09-14.01.45:011][  0]LogPackFactory: Copied "../../../Samples/StarterContent/Content/StarterContent/Materials/M_ColorGrid_LowSpec.uasset" to "E:/MAD/MAD/ProjectMad/Content/StarterContent/Materials/M_ColorGrid_LowSpec.uasset"
[2015.08.09-14.01.45:012][  0]LogPackFactory: Copied "../../../Samples/StarterContent/Content/StarterContent/Materials/M_Concrete_Grime.uasset" to "E:/MAD/MAD/ProjectMad/Content/StarterContent/Materials/M_Concrete_Grime.uasset"
[2015.08.09-14.01.45:013][  0]LogPackFactory: Copied "../../../Samples/StarterContent/Content/StarterContent/Materials/M_Concrete_Panels.uasset" to "E:/MAD/MAD/ProjectMad/Content/StarterContent/Materials/M_Concrete_Panels.uasset"
[2015.08.09-14.01.45:014][  0]LogPackFactory: Copied "../../../Samples/StarterContent/Content/StarterContent/Materials/M_Concrete_Poured.uasset" to "E:/MAD/MAD/ProjectMad/Content/StarterContent/Materials/M_Concrete_Poured.uasset"
[2015.08.09-14.01.45:015][  0]LogPackFactory: Copied "../../../Samples/StarterContent/Content/StarterContent/Materials/M_Concrete_Tiles.uasset" to "E:/MAD/MAD/ProjectMad/Content/StarterContent/Materials/M_Concrete_Tiles.uasset"
[2015.08.09-14.01.45:016][  0]LogPackFactory: Copied "../../../Samples/StarterContent/Content/StarterContent/Materials/M_Glass.uasset" to "E:/MAD/MAD/ProjectMad/Content/StarterContent/Materials/M_Glass.uasset"
[2015.08.09-14.01.45:017][  0]LogPackFactory: Copied "../../../Samples/StarterContent/Content/StarterContent/Materials/M_Ground_Grass.uasset" to "E:/MAD/MAD/ProjectMad/Content/StarterContent/Materials/M_Ground_Grass.uasset"
[2015.08.09-14.01.45:018][  0]LogPackFactory: Copied "../../../Samples/StarterContent/Content/StarterContent/Materials/M_Ground_Gravel.uasset" to "E:/MAD/MAD/ProjectMad/Content/StarterContent/Materials/M_Ground_Gravel.uasset"
[2015.08.09-14.01.45:019][  0]LogPackFactory: Copied "../../../Samples/StarterContent/Content/StarterContent/Materials/M_Ground_Moss.uasset" to "E:/MAD/MAD/ProjectMad/Content/StarterContent/Materials/M_Ground_Moss.uasset"
[2015.08.09-14.01.45:020][  0]LogPackFactory: Copied "../../../Samples/StarterContent/Content/StarterContent/Materials/M_Metal_Brushed_Nickel.uasset" to "E:/MAD/MAD/ProjectMad/Content/StarterContent/Materials/M_Metal_Brushed_Nickel.uasset"
[2015.08.09-14.01.45:021][  0]LogPackFactory: Copied "../../../Samples/StarterContent/Content/StarterContent/Materials/M_Metal_Burnished_Steel.uasset" to "E:/MAD/MAD/ProjectMad/Content/StarterContent/Materials/M_Metal_Burnished_Steel.uasset"
[2015.08.09-14.01.45:022][  0]LogPackFactory: Copied "../../../Samples/StarterContent/Content/StarterContent/Materials/M_Metal_Chrome.uasset" to "E:/MAD/MAD/ProjectMad/Content/StarterContent/Materials/M_Metal_Chrome.uasset"
[2015.08.09-14.01.45:023][  0]LogPackFactory: Copied "../../../Samples/StarterContent/Content/StarterContent/Materials/M_Metal_Copper.uasset" to "E:/MAD/MAD/ProjectMad/Content/StarterContent/Materials/M_Metal_Copper.uasset"
[2015.08.09-14.01.45:024][  0]LogPackFactory: Copied "../../../Samples/StarterContent/Content/StarterContent/Materials/M_Metal_Gold.uasset" to "E:/MAD/MAD/ProjectMad/Content/StarterContent/Materials/M_Metal_Gold.uasset"
[2015.08.09-14.01.45:025][  0]LogPackFactory: Copied "../../../Samples/StarterContent/Content/StarterContent/Materials/M_Metal_Rust.uasset" to "E:/MAD/MAD/ProjectMad/Content/StarterContent/Materials/M_Metal_Rust.uasset"
[2015.08.09-14.01.45:026][  0]LogPackFactory: Copied "../../../Samples/StarterContent/Content/StarterContent/Materials/M_Metal_Steel.uasset" to "E:/MAD/MAD/ProjectMad/Content/StarterContent/Materials/M_Metal_Steel.uasset"
[2015.08.09-14.01.45:028][  0]LogPackFactory: Copied "../../../Samples/StarterContent/Content/StarterContent/Materials/M_Rock_Basalt.uasset" to "E:/MAD/MAD/ProjectMad/Content/StarterContent/Materials/M_Rock_Basalt.uasset"
[2015.08.09-14.01.45:029][  0]LogPackFactory: Copied "../../../Samples/StarterContent/Content/StarterContent/Materials/M_Rock_Marble_Polished.uasset" to "E:/MAD/MAD/ProjectMad/Content/StarterContent/Materials/M_Rock_Marble_Polished.uasset"
[2015.08.09-14.01.45:031][  0]LogPackFactory: Copied "../../../Samples/StarterContent/Content/StarterContent/Materials/M_Rock_Sandstone.uasset" to "E:/MAD/MAD/ProjectMad/Content/StarterContent/Materials/M_Rock_Sandstone.uasset"
[2015.08.09-14.01.45:032][  0]LogPackFactory: Copied "../../../Samples/StarterContent/Content/StarterContent/Materials/M_Rock_Slate.uasset" to "E:/MAD/MAD/ProjectMad/Content/StarterContent/Materials/M_Rock_Slate.uasset"
[2015.08.09-14.01.45:033][  0]LogPackFactory: Copied "../../../Samples/StarterContent/Content/StarterContent/Materials/M_Tech_Checker_Dot.uasset" to "E:/MAD/MAD/ProjectMad/Content/StarterContent/Materials/M_Tech_Checker_Dot.uasset"
[2015.08.09-14.01.45:035][  0]LogPackFactory: Copied "../../../Samples/StarterContent/Content/StarterContent/Materials/M_Tech_Hex_Tile.uasset" to "E:/MAD/MAD/ProjectMad/Content/StarterContent/Materials/M_Tech_Hex_Tile.uasset"
[2015.08.09-14.01.45:036][  0]LogPackFactory: Copied "../../../Samples/StarterContent/Content/StarterContent/Materials/M_Tech_Hex_Tile_Pulse.uasset" to "E:/MAD/MAD/ProjectMad/Content/StarterContent/Materials/M_Tech_Hex_Tile_Pulse.uasset"
[2015.08.09-14.01.45:037][  0]LogPackFactory: Copied "../../../Samples/StarterContent/Content/StarterContent/Materials/M_Tech_Panel.uasset" to "E:/MAD/MAD/ProjectMad/Content/StarterContent/Materials/M_Tech_Panel.uasset"
[2015.08.09-14.01.45:038][  0]LogPackFactory: Copied "../../../Samples/StarterContent/Content/StarterContent/Materials/M_Water_Lake.uasset" to "E:/MAD/MAD/ProjectMad/Content/StarterContent/Materials/M_Water_Lake.uasset"
[2015.08.09-14.01.45:039][  0]LogPackFactory: Copied "../../../Samples/StarterContent/Content/StarterContent/Materials/M_Water_Ocean.uasset" to "E:/MAD/MAD/ProjectMad/Content/StarterContent/Materials/M_Water_Ocean.uasset"
[2015.08.09-14.01.45:040][  0]LogPackFactory: Copied "../../../Samples/StarterContent/Content/StarterContent/Materials/M_Wood_Floor_Walnut_Polished.uasset" to "E:/MAD/MAD/ProjectMad/Content/StarterContent/Materials/M_Wood_Floor_Walnut_Polished.uasset"
[2015.08.09-14.01.45:041][  0]LogPackFactory: Copied "../../../Samples/StarterContent/Content/StarterContent/Materials/M_Wood_Floor_Walnut_Worn.uasset" to "E:/MAD/MAD/ProjectMad/Content/StarterContent/Materials/M_Wood_Floor_Walnut_Worn.uasset"
[2015.08.09-14.01.45:042][  0]LogPackFactory: Copied "../../../Samples/StarterContent/Content/StarterContent/Materials/M_Wood_Oak.uasset" to "E:/MAD/MAD/ProjectMad/Content/StarterContent/Materials/M_Wood_Oak.uasset"
[2015.08.09-14.01.45:043][  0]LogPackFactory: Copied "../../../Samples/StarterContent/Content/StarterContent/Materials/M_Wood_Pine.uasset" to "E:/MAD/MAD/ProjectMad/Content/StarterContent/Materials/M_Wood_Pine.uasset"
[2015.08.09-14.01.45:044][  0]LogPackFactory: Copied "../../../Samples/StarterContent/Content/StarterContent/Materials/M_Wood_Walnut.uasset" to "E:/MAD/MAD/ProjectMad/Content/StarterContent/Materials/M_Wood_Walnut.uasset"
[2015.08.09-14.01.45:045][  0]LogPackFactory: Copied "../../../Samples/StarterContent/Content/StarterContent/Particles/P_Ambient_Dust.uasset" to "E:/MAD/MAD/ProjectMad/Content/StarterContent/Particles/P_Ambient_Dust.uasset"
[2015.08.09-14.01.45:048][  0]LogPackFactory: Copied "../../../Samples/StarterContent/Content/StarterContent/Particles/P_Explosion.uasset" to "E:/MAD/MAD/ProjectMad/Content/StarterContent/Particles/P_Explosion.uasset"
[2015.08.09-14.01.45:049][  0]LogPackFactory: Copied "../../../Samples/StarterContent/Content/StarterContent/Particles/P_Fire.uasset" to "E:/MAD/MAD/ProjectMad/Content/StarterContent/Particles/P_Fire.uasset"
[2015.08.09-14.01.45:050][  0]LogPackFactory: Copied "../../../Samples/StarterContent/Content/StarterContent/Particles/P_Smoke.uasset" to "E:/MAD/MAD/ProjectMad/Content/StarterContent/Particles/P_Smoke.uasset"
[2015.08.09-14.01.45:051][  0]LogPackFactory: Copied "../../../Samples/StarterContent/Content/StarterContent/Particles/P_Sparks.uasset" to "E:/MAD/MAD/ProjectMad/Content/StarterContent/Particles/P_Sparks.uasset"
[2015.08.09-14.01.45:053][  0]LogPackFactory: Copied "../../../Samples/StarterContent/Content/StarterContent/Particles/P_Steam_Lit.uasset" to "E:/MAD/MAD/ProjectMad/Content/StarterContent/Particles/P_Steam_Lit.uasset"
[2015.08.09-14.01.45:054][  0]LogPackFactory: Copied "../../../Samples/StarterContent/Content/StarterContent/Particles/Materials/M_Burst.uasset" to "E:/MAD/MAD/ProjectMad/Content/StarterContent/Particles/Materials/M_Burst.uasset"
[2015.08.09-14.01.45:055][  0]LogPackFactory: Copied "../../../Samples/StarterContent/Content/StarterContent/Particles/Materials/M_Dust_Particle.uasset" to "E:/MAD/MAD/ProjectMad/Content/StarterContent/Particles/Materials/M_Dust_Particle.uasset"
[2015.08.09-14.01.45:056][  0]LogPackFactory: Copied "../../../Samples/StarterContent/Content/StarterContent/Particles/Materials/M_explosion_subUV.uasset" to "E:/MAD/MAD/ProjectMad/Content/StarterContent/Particles/Materials/M_explosion_subUV.uasset"
[2015.08.09-14.01.45:057][  0]LogPackFactory: Copied "../../../Samples/StarterContent/Content/StarterContent/Particles/Materials/M_Fire_SubUV.uasset" to "E:/MAD/MAD/ProjectMad/Content/StarterContent/Particles/Materials/M_Fire_SubUV.uasset"
[2015.08.09-14.01.45:058][  0]LogPackFactory: Copied "../../../Samples/StarterContent/Content/StarterContent/Particles/Materials/m_flare_01.uasset" to "E:/MAD/MAD/ProjectMad/Content/StarterContent/Particles/Materials/m_flare_01.uasset"
[2015.08.09-14.01.45:059][  0]LogPackFactory: Copied "../../../Samples/StarterContent/Content/StarterContent/Particles/Materials/M_Heat_Distortion.uasset" to "E:/MAD/MAD/ProjectMad/Content/StarterContent/Particles/Materials/M_Heat_Distortion.uasset"
[2015.08.09-14.01.45:060][  0]LogPackFactory: Copied "../../../Samples/StarterContent/Content/StarterContent/Particles/Materials/M_Radial_Gradient.uasset" to "E:/MAD/MAD/ProjectMad/Content/StarterContent/Particles/Materials/M_Radial_Gradient.uasset"
[2015.08.09-14.01.45:061][  0]LogPackFactory: Copied "../../../Samples/StarterContent/Content/StarterContent/Particles/Materials/M_radial_ramp.uasset" to "E:/MAD/MAD/ProjectMad/Content/StarterContent/Particles/Materials/M_radial_ramp.uasset"
[2015.08.09-14.01.45:062][  0]LogPackFactory: Copied "../../../Samples/StarterContent/Content/StarterContent/Particles/Materials/M_smoke_subUV.uasset" to "E:/MAD/MAD/ProjectMad/Content/StarterContent/Particles/Materials/M_smoke_subUV.uasset"
[2015.08.09-14.01.45:063][  0]LogPackFactory: Copied "../../../Samples/StarterContent/Content/StarterContent/Particles/Materials/M_Spark.uasset" to "E:/MAD/MAD/ProjectMad/Content/StarterContent/Particles/Materials/M_Spark.uasset"
[2015.08.09-14.01.45:064][  0]LogPackFactory: Copied "../../../Samples/StarterContent/Content/StarterContent/Props/MaterialSphere.uasset" to "E:/MAD/MAD/ProjectMad/Content/StarterContent/Props/MaterialSphere.uasset"
[2015.08.09-14.01.45:066][  0]LogPackFactory: Copied "../../../Samples/StarterContent/Content/StarterContent/Props/SM_Bush.uasset" to "E:/MAD/MAD/ProjectMad/Content/StarterContent/Props/SM_Bush.uasset"
[2015.08.09-14.01.45:067][  0]LogPackFactory: Copied "../../../Samples/StarterContent/Content/StarterContent/Props/SM_Chair.uasset" to "E:/MAD/MAD/ProjectMad/Content/StarterContent/Props/SM_Chair.uasset"
[2015.08.09-14.01.45:068][  0]LogPackFactory: Copied "../../../Samples/StarterContent/Content/StarterContent/Props/SM_CornerFrame.uasset" to "E:/MAD/MAD/ProjectMad/Content/StarterContent/Props/SM_CornerFrame.uasset"
[2015.08.09-14.01.45:070][  0]LogPackFactory: Copied "../../../Samples/StarterContent/Content/StarterContent/Props/SM_Couch.uasset" to "E:/MAD/MAD/ProjectMad/Content/StarterContent/Props/SM_Couch.uasset"
[2015.08.09-14.01.45:071][  0]LogPackFactory: Copied "../../../Samples/StarterContent/Content/StarterContent/Props/SM_Door.uasset" to "E:/MAD/MAD/ProjectMad/Content/StarterContent/Props/SM_Door.uasset"
[2015.08.09-14.01.45:072][  0]LogPackFactory: Copied "../../../Samples/StarterContent/Content/StarterContent/Props/SM_DoorFrame.uasset" to "E:/MAD/MAD/ProjectMad/Content/StarterContent/Props/SM_DoorFrame.uasset"
[2015.08.09-14.01.45:073][  0]LogPackFactory: Copied "../../../Samples/StarterContent/Content/StarterContent/Props/SM_GlassWindow.uasset" to "E:/MAD/MAD/ProjectMad/Content/StarterContent/Props/SM_GlassWindow.uasset"
[2015.08.09-14.01.45:075][  0]LogPackFactory: Copied "../../../Samples/StarterContent/Content/StarterContent/Props/SM_Lamp_Ceiling.uasset" to "E:/MAD/MAD/ProjectMad/Content/StarterContent/Props/SM_Lamp_Ceiling.uasset"
[2015.08.09-14.01.45:077][  0]LogPackFactory: Copied "../../../Samples/StarterContent/Content/StarterContent/Props/SM_Lamp_Wall.uasset" to "E:/MAD/MAD/ProjectMad/Content/StarterContent/Props/SM_Lamp_Wall.uasset"
[2015.08.09-14.01.45:085][  0]LogPackFactory: Copied "../../../Samples/StarterContent/Content/StarterContent/Props/SM_MatPreviewMesh_02.uasset" to "E:/MAD/MAD/ProjectMad/Content/StarterContent/Props/SM_MatPreviewMesh_02.uasset"
[2015.08.09-14.01.45:086][  0]LogPackFactory: Copied "../../../Samples/StarterContent/Content/StarterContent/Props/SM_PillarFrame.uasset" to "E:/MAD/MAD/ProjectMad/Content/StarterContent/Props/SM_PillarFrame.uasset"
[2015.08.09-14.01.45:087][  0]LogPackFactory: Copied "../../../Samples/StarterContent/Content/StarterContent/Props/SM_PillarFrame300.uasset" to "E:/MAD/MAD/ProjectMad/Content/StarterContent/Props/SM_PillarFrame300.uasset"
[2015.08.09-14.01.45:089][  0]LogPackFactory: Copied "../../../Samples/StarterContent/Content/StarterContent/Props/SM_Rock.uasset" to "E:/MAD/MAD/ProjectMad/Content/StarterContent/Props/SM_Rock.uasset"
[2015.08.09-14.01.45:090][  0]LogPackFactory: Copied "../../../Samples/StarterContent/Content/StarterContent/Props/SM_Shelf.uasset" to "E:/MAD/MAD/ProjectMad/Content/StarterContent/Props/SM_Shelf.uasset"
[2015.08.09-14.01.45:091][  0]LogPackFactory: Copied "../../../Samples/StarterContent/Content/StarterContent/Props/SM_Stairs.uasset" to "E:/MAD/MAD/ProjectMad/Content/StarterContent/Props/SM_Stairs.uasset"
[2015.08.09-14.01.45:094][  0]LogPackFactory: Copied "../../../Samples/StarterContent/Content/StarterContent/Props/SM_Statue.uasset" to "E:/MAD/MAD/ProjectMad/Content/StarterContent/Props/SM_Statue.uasset"
[2015.08.09-14.01.45:096][  0]LogPackFactory: Copied "../../../Samples/StarterContent/Content/StarterContent/Props/SM_TableRound.uasset" to "E:/MAD/MAD/ProjectMad/Content/StarterContent/Props/SM_TableRound.uasset"
[2015.08.09-14.01.45:098][  0]LogPackFactory: Copied "../../../Samples/StarterContent/Content/StarterContent/Props/SM_WindowFrame.uasset" to "E:/MAD/MAD/ProjectMad/Content/StarterContent/Props/SM_WindowFrame.uasset"
[2015.08.09-14.01.45:099][  0]LogPackFactory: Copied "../../../Samples/StarterContent/Content/StarterContent/Props/Materials/M_Bush.uasset" to "E:/MAD/MAD/ProjectMad/Content/StarterContent/Props/Materials/M_Bush.uasset"
[2015.08.09-14.01.45:100][  0]LogPackFactory: Copied "../../../Samples/StarterContent/Content/StarterContent/Props/Materials/M_Chair.uasset" to "E:/MAD/MAD/ProjectMad/Content/StarterContent/Props/Materials/M_Chair.uasset"
[2015.08.09-14.01.45:101][  0]LogPackFactory: Copied "../../../Samples/StarterContent/Content/StarterContent/Props/Materials/M_Door.uasset" to "E:/MAD/MAD/ProjectMad/Content/StarterContent/Props/Materials/M_Door.uasset"
[2015.08.09-14.01.45:102][  0]LogPackFactory: Copied "../../../Samples/StarterContent/Content/StarterContent/Props/Materials/M_Frame.uasset" to "E:/MAD/MAD/ProjectMad/Content/StarterContent/Props/Materials/M_Frame.uasset"
[2015.08.09-14.01.45:103][  0]LogPackFactory: Copied "../../../Samples/StarterContent/Content/StarterContent/Props/Materials/M_Lamp.uasset" to "E:/MAD/MAD/ProjectMad/Content/StarterContent/Props/Materials/M_Lamp.uasset"
[2015.08.09-14.01.45:104][  0]LogPackFactory: Copied "../../../Samples/StarterContent/Content/StarterContent/Props/Materials/M_MaterialSphere.uasset" to "E:/MAD/MAD/ProjectMad/Content/StarterContent/Props/Materials/M_MaterialSphere.uasset"
[2015.08.09-14.01.45:105][  0]LogPackFactory: Copied "../../../Samples/StarterContent/Content/StarterContent/Props/Materials/M_MaterialSphere_Plain.uasset" to "E:/MAD/MAD/ProjectMad/Content/StarterContent/Props/Materials/M_MaterialSphere_Plain.uasset"
[2015.08.09-14.01.45:106][  0]LogPackFactory: Copied "../../../Samples/StarterContent/Content/StarterContent/Props/Materials/M_Rock.uasset" to "E:/MAD/MAD/ProjectMad/Content/StarterContent/Props/Materials/M_Rock.uasset"
[2015.08.09-14.01.45:107][  0]LogPackFactory: Copied "../../../Samples/StarterContent/Content/StarterContent/Props/Materials/M_Shelf.uasset" to "E:/MAD/MAD/ProjectMad/Content/StarterContent/Props/Materials/M_Shelf.uasset"
[2015.08.09-14.01.45:109][  0]LogPackFactory: Copied "../../../Samples/StarterContent/Content/StarterContent/Props/Materials/M_Statue.uasset" to "E:/MAD/MAD/ProjectMad/Content/StarterContent/Props/Materials/M_Statue.uasset"
[2015.08.09-14.01.45:109][  0]LogPackFactory: Copied "../../../Samples/StarterContent/Content/StarterContent/Props/Materials/M_StatueGlass.uasset" to "E:/MAD/MAD/ProjectMad/Content/StarterContent/Props/Materials/M_StatueGlass.uasset"
[2015.08.09-14.01.45:110][  0]LogPackFactory: Copied "../../../Samples/StarterContent/Content/StarterContent/Props/Materials/M_TableRound.uasset" to "E:/MAD/MAD/ProjectMad/Content/StarterContent/Props/Materials/M_TableRound.uasset"
[2015.08.09-14.01.45:112][  0]LogPackFactory: Copied "../../../Samples/StarterContent/Content/StarterContent/Shapes/Shape_Cone.uasset" to "E:/MAD/MAD/ProjectMad/Content/StarterContent/Shapes/Shape_Cone.uasset"
[2015.08.09-14.01.45:113][  0]LogPackFactory: Copied "../../../Samples/StarterContent/Content/StarterContent/Shapes/Shape_Cube.uasset" to "E:/MAD/MAD/ProjectMad/Content/StarterContent/Shapes/Shape_Cube.uasset"
[2015.08.09-14.01.45:114][  0]LogPackFactory: Copied "../../../Samples/StarterContent/Content/StarterContent/Shapes/Shape_Cylinder.uasset" to "E:/MAD/MAD/ProjectMad/Content/StarterContent/Shapes/Shape_Cylinder.uasset"
[2015.08.09-14.01.45:116][  0]LogPackFactory: Copied "../../../Samples/StarterContent/Content/StarterContent/Shapes/Shape_NarrowCapsule.uasset" to "E:/MAD/MAD/ProjectMad/Content/StarterContent/Shapes/Shape_NarrowCapsule.uasset"
[2015.08.09-14.01.45:116][  0]LogPackFactory: Copied "../../../Samples/StarterContent/Content/StarterContent/Shapes/Shape_Pipe.uasset" to "E:/MAD/MAD/ProjectMad/Content/StarterContent/Shapes/Shape_Pipe.uasset"
[2015.08.09-14.01.45:118][  0]LogPackFactory: Copied "../../../Samples/StarterContent/Content/StarterContent/Shapes/Shape_Pipe_180.uasset" to "E:/MAD/MAD/ProjectMad/Content/StarterContent/Shapes/Shape_Pipe_180.uasset"
[2015.08.09-14.01.45:119][  0]LogPackFactory: Copied "../../../Samples/StarterContent/Content/StarterContent/Shapes/Shape_Pipe_90.uasset" to "E:/MAD/MAD/ProjectMad/Content/StarterContent/Shapes/Shape_Pipe_90.uasset"
[2015.08.09-14.01.45:120][  0]LogPackFactory: Copied "../../../Samples/StarterContent/Content/StarterContent/Shapes/Shape_Plane.uasset" to "E:/MAD/MAD/ProjectMad/Content/StarterContent/Shapes/Shape_Plane.uasset"
[2015.08.09-14.01.45:121][  0]LogPackFactory: Copied "../../../Samples/StarterContent/Content/StarterContent/Shapes/Shape_QuadPyramid.uasset" to "E:/MAD/MAD/ProjectMad/Content/StarterContent/Shapes/Shape_QuadPyramid.uasset"
[2015.08.09-14.01.45:123][  0]LogPackFactory: Copied "../../../Samples/StarterContent/Content/StarterContent/Shapes/Shape_Sphere.uasset" to "E:/MAD/MAD/ProjectMad/Content/StarterContent/Shapes/Shape_Sphere.uasset"
[2015.08.09-14.01.45:125][  0]LogPackFactory: Copied "../../../Samples/StarterContent/Content/StarterContent/Shapes/Shape_Torus.uasset" to "E:/MAD/MAD/ProjectMad/Content/StarterContent/Shapes/Shape_Torus.uasset"
[2015.08.09-14.01.45:127][  0]LogPackFactory: Copied "../../../Samples/StarterContent/Content/StarterContent/Shapes/Shape_Trim.uasset" to "E:/MAD/MAD/ProjectMad/Content/StarterContent/Shapes/Shape_Trim.uasset"
[2015.08.09-14.01.45:127][  0]LogPackFactory: Copied "../../../Samples/StarterContent/Content/StarterContent/Shapes/Shape_Trim_90_In.uasset" to "E:/MAD/MAD/ProjectMad/Content/StarterContent/Shapes/Shape_Trim_90_In.uasset"
[2015.08.09-14.01.45:128][  0]LogPackFactory: Copied "../../../Samples/StarterContent/Content/StarterContent/Shapes/Shape_Trim_90_Out.uasset" to "E:/MAD/MAD/ProjectMad/Content/StarterContent/Shapes/Shape_Trim_90_Out.uasset"
[2015.08.09-14.01.45:129][  0]LogPackFactory: Copied "../../../Samples/StarterContent/Content/StarterContent/Shapes/Shape_TriPyramid.uasset" to "E:/MAD/MAD/ProjectMad/Content/StarterContent/Shapes/Shape_TriPyramid.uasset"
[2015.08.09-14.01.45:131][  0]LogPackFactory: Copied "../../../Samples/StarterContent/Content/StarterContent/Shapes/Shape_Tube.uasset" to "E:/MAD/MAD/ProjectMad/Content/StarterContent/Shapes/Shape_Tube.uasset"
[2015.08.09-14.01.45:132][  0]LogPackFactory: Copied "../../../Samples/StarterContent/Content/StarterContent/Shapes/Shape_Wedge_A.uasset" to "E:/MAD/MAD/ProjectMad/Content/StarterContent/Shapes/Shape_Wedge_A.uasset"
[2015.08.09-14.01.45:132][  0]LogPackFactory: Copied "../../../Samples/StarterContent/Content/StarterContent/Shapes/Shape_Wedge_B.uasset" to "E:/MAD/MAD/ProjectMad/Content/StarterContent/Shapes/Shape_Wedge_B.uasset"
[2015.08.09-14.01.45:134][  0]LogPackFactory: Copied "../../../Samples/StarterContent/Content/StarterContent/Shapes/Shape_WideCapsule.uasset" to "E:/MAD/MAD/ProjectMad/Content/StarterContent/Shapes/Shape_WideCapsule.uasset"
[2015.08.09-14.01.45:134][  0]LogPackFactory: Copied "../../../Samples/StarterContent/Content/StarterContent/Textures/Metal_Tile_2.uasset" to "E:/MAD/MAD/ProjectMad/Content/StarterContent/Textures/Metal_Tile_2.uasset"
[2015.08.09-14.01.45:135][  0]LogPackFactory: Copied "../../../Samples/StarterContent/Content/StarterContent/Textures/Metal_Tile_2_N.uasset" to "E:/MAD/MAD/ProjectMad/Content/StarterContent/Textures/Metal_Tile_2_N.uasset"
[2015.08.09-14.01.45:135][  0]LogPackFactory: Copied "../../../Samples/StarterContent/Content/StarterContent/Textures/Sky54a2048.uasset" to "E:/MAD/MAD/ProjectMad/Content/StarterContent/Textures/Sky54a2048.uasset"
[2015.08.09-14.01.45:136][  0]LogPackFactory: Copied "../../../Samples/StarterContent/Content/StarterContent/Textures/Sky54a2048LDR.uasset" to "E:/MAD/MAD/ProjectMad/Content/StarterContent/Textures/Sky54a2048LDR.uasset"
[2015.08.09-14.01.45:136][  0]LogPackFactory: Copied "../../../Samples/StarterContent/Content/StarterContent/Textures/T_ArmorMetal01.uasset" to "E:/MAD/MAD/ProjectMad/Content/StarterContent/Textures/T_ArmorMetal01.uasset"
[2015.08.09-14.01.45:137][  0]LogPackFactory: Copied "../../../Samples/StarterContent/Content/StarterContent/Textures/T_ArmorMetal01_N.uasset" to "E:/MAD/MAD/ProjectMad/Content/StarterContent/Textures/T_ArmorMetal01_N.uasset"
[2015.08.09-14.01.45:137][  0]LogPackFactory: Copied "../../../Samples/StarterContent/Content/StarterContent/Textures/T_Bark02_D.uasset" to "E:/MAD/MAD/ProjectMad/Content/StarterContent/Textures/T_Bark02_D.uasset"
[2015.08.09-14.01.45:138][  0]LogPackFactory: Copied "../../../Samples/StarterContent/Content/StarterContent/Textures/T_Bark02_N.uasset" to "E:/MAD/MAD/ProjectMad/Content/StarterContent/Textures/T_Bark02_N.uasset"
[2015.08.09-14.01.45:138][  0]LogPackFactory: Copied "../../../Samples/StarterContent/Content/StarterContent/Textures/T_Base_Metal_Gray_D.uasset" to "E:/MAD/MAD/ProjectMad/Content/StarterContent/Textures/T_Base_Metal_Gray_D.uasset"
[2015.08.09-14.01.45:139][  0]LogPackFactory: Copied "../../../Samples/StarterContent/Content/StarterContent/Textures/T_Base_Metal_Gray_N.uasset" to "E:/MAD/MAD/ProjectMad/Content/StarterContent/Textures/T_Base_Metal_Gray_N.uasset"
[2015.08.09-14.01.45:163][  0]LogPackFactory: Copied "../../../Samples/StarterContent/Content/StarterContent/Textures/T_Brick_Clay_Beveled_D.uasset" to "E:/MAD/MAD/ProjectMad/Content/StarterContent/Textures/T_Brick_Clay_Beveled_D.uasset"
[2015.08.09-14.01.45:192][  0]LogPackFactory: Copied "../../../Samples/StarterContent/Content/StarterContent/Textures/T_Brick_Clay_Beveled_M.uasset" to "E:/MAD/MAD/ProjectMad/Content/StarterContent/Textures/T_Brick_Clay_Beveled_M.uasset"
[2015.08.09-14.01.45:214][  0]LogPackFactory: Copied "../../../Samples/StarterContent/Content/StarterContent/Textures/T_Brick_Clay_Beveled_N.uasset" to "E:/MAD/MAD/ProjectMad/Content/StarterContent/Textures/T_Brick_Clay_Beveled_N.uasset"
[2015.08.09-14.01.45:233][  0]LogPackFactory: Copied "../../../Samples/StarterContent/Content/StarterContent/Textures/T_Brick_Clay_New_D.uasset" to "E:/MAD/MAD/ProjectMad/Content/StarterContent/Textures/T_Brick_Clay_New_D.uasset"
[2015.08.09-14.01.45:261][  0]LogPackFactory: Copied "../../../Samples/StarterContent/Content/StarterContent/Textures/T_Brick_Clay_New_M.uasset" to "E:/MAD/MAD/ProjectMad/Content/StarterContent/Textures/T_Brick_Clay_New_M.uasset"
[2015.08.09-14.01.45:285][  0]LogPackFactory: Copied "../../../Samples/StarterContent/Content/StarterContent/Textures/T_Brick_Clay_New_N.uasset" to "E:/MAD/MAD/ProjectMad/Content/StarterContent/Textures/T_Brick_Clay_New_N.uasset"
[2015.08.09-14.01.45:322][  0]LogPackFactory: Copied "../../../Samples/StarterContent/Content/StarterContent/Textures/T_Brick_Clay_Old_D.uasset" to "E:/MAD/MAD/ProjectMad/Content/StarterContent/Textures/T_Brick_Clay_Old_D.uasset"
[2015.08.09-14.01.45:347][  0]LogPackFactory: Copied "../../../Samples/StarterContent/Content/StarterContent/Textures/T_Brick_Clay_Old_N.uasset" to "E:/MAD/MAD/ProjectMad/Content/StarterContent/Textures/T_Brick_Clay_Old_N.uasset"
[2015.08.09-14.01.45:437][  0]LogPackFactory: Copied "../../../Samples/StarterContent/Content/StarterContent/Textures/T_Brick_Cut_Stone_D.uasset" to "E:/MAD/MAD/ProjectMad/Content/StarterContent/Textures/T_Brick_Cut_Stone_D.uasset"
[2015.08.09-14.01.45:564][  0]LogPackFactory: Copied "../../../Samples/StarterContent/Content/StarterContent/Textures/T_Brick_Cut_Stone_N.uasset" to "E:/MAD/MAD/ProjectMad/Content/StarterContent/Textures/T_Brick_Cut_Stone_N.uasset"
[2015.08.09-14.01.45:589][  0]LogPackFactory: Copied "../../../Samples/StarterContent/Content/StarterContent/Textures/T_Brick_Hewn_Stone_D.uasset" to "E:/MAD/MAD/ProjectMad/Content/StarterContent/Textures/T_Brick_Hewn_Stone_D.uasset"
[2015.08.09-14.01.45:610][  0]LogPackFactory: Copied "../../../Samples/StarterContent/Content/StarterContent/Textures/T_Brick_Hewn_Stone_M.uasset" to "E:/MAD/MAD/ProjectMad/Content/StarterContent/Textures/T_Brick_Hewn_Stone_M.uasset"
[2015.08.09-14.01.45:639][  0]LogPackFactory: Copied "../../../Samples/StarterContent/Content/StarterContent/Textures/T_Brick_Hewn_Stone_N.uasset" to "E:/MAD/MAD/ProjectMad/Content/StarterContent/Textures/T_Brick_Hewn_Stone_N.uasset"
[2015.08.09-14.01.45:679][  0]LogPackFactory: Copied "../../../Samples/StarterContent/Content/StarterContent/Textures/T_Burst_M.uasset" to "E:/MAD/MAD/ProjectMad/Content/StarterContent/Textures/T_Burst_M.uasset"
[2015.08.09-14.01.45:682][  0]LogPackFactory: Copied "../../../Samples/StarterContent/Content/StarterContent/Textures/T_Bush_D.uasset" to "E:/MAD/MAD/ProjectMad/Content/StarterContent/Textures/T_Bush_D.uasset"
[2015.08.09-14.01.45:684][  0]LogPackFactory: Copied "../../../Samples/StarterContent/Content/StarterContent/Textures/T_Bush_N.uasset" to "E:/MAD/MAD/ProjectMad/Content/StarterContent/Textures/T_Bush_N.uasset"
[2015.08.09-14.01.45:686][  0]LogPackFactory: Copied "../../../Samples/StarterContent/Content/StarterContent/Textures/T_Ceramic_Tile_M.uasset" to "E:/MAD/MAD/ProjectMad/Content/StarterContent/Textures/T_Ceramic_Tile_M.uasset"
[2015.08.09-14.01.45:688][  0]LogPackFactory: Copied "../../../Samples/StarterContent/Content/StarterContent/Textures/T_Ceramic_Tile_N.uasset" to "E:/MAD/MAD/ProjectMad/Content/StarterContent/Textures/T_Ceramic_Tile_N.uasset"
[2015.08.09-14.01.45:691][  0]LogPackFactory: Copied "../../../Samples/StarterContent/Content/StarterContent/Textures/T_Chair_M.uasset" to "E:/MAD/MAD/ProjectMad/Content/StarterContent/Textures/T_Chair_M.uasset"
[2015.08.09-14.01.45:698][  0]LogPackFactory: Copied "../../../Samples/StarterContent/Content/StarterContent/Textures/T_Chair_N.uasset" to "E:/MAD/MAD/ProjectMad/Content/StarterContent/Textures/T_Chair_N.uasset"
[2015.08.09-14.01.45:705][  0]LogPackFactory: Copied "../../../Samples/StarterContent/Content/StarterContent/Textures/T_Checker_Noise_M.uasset" to "E:/MAD/MAD/ProjectMad/Content/StarterContent/Textures/T_Checker_Noise_M.uasset"
[2015.08.09-14.01.45:712][  0]LogPackFactory: Copied "../../../Samples/StarterContent/Content/StarterContent/Textures/T_Cliff_M.uasset" to "E:/MAD/MAD/ProjectMad/Content/StarterContent/Textures/T_Cliff_M.uasset"
[2015.08.09-14.01.45:712][  0]LogPackFactory: Copied "../../../Samples/StarterContent/Content/StarterContent/Textures/T_Cliff_N.uasset" to "E:/MAD/MAD/ProjectMad/Content/StarterContent/Textures/T_Cliff_N.uasset"
[2015.08.09-14.01.45:713][  0]LogPackFactory: Copied "../../../Samples/StarterContent/Content/StarterContent/Textures/T_CobbleDark_01_D.uasset" to "E:/MAD/MAD/ProjectMad/Content/StarterContent/Textures/T_CobbleDark_01_D.uasset"
[2015.08.09-14.01.45:713][  0]LogPackFactory: Copied "../../../Samples/StarterContent/Content/StarterContent/Textures/T_CobbleStone_04b_D.uasset" to "E:/MAD/MAD/ProjectMad/Content/StarterContent/Textures/T_CobbleStone_04b_D.uasset"
[2015.08.09-14.01.45:716][  0]LogPackFactory: Copied "../../../Samples/StarterContent/Content/StarterContent/Textures/T_CobbleStone_04_D.uasset" to "E:/MAD/MAD/ProjectMad/Content/StarterContent/Textures/T_CobbleStone_04_D.uasset"
[2015.08.09-14.01.45:717][  0]LogPackFactory: Copied "../../../Samples/StarterContent/Content/StarterContent/Textures/T_CobbleStone_04_N.uasset" to "E:/MAD/MAD/ProjectMad/Content/StarterContent/Textures/T_CobbleStone_04_N.uasset"
[2015.08.09-14.01.45:717][  0]LogPackFactory: Copied "../../../Samples/StarterContent/Content/StarterContent/Textures/T_CobbleStone_04_R.uasset" to "E:/MAD/MAD/ProjectMad/Content/StarterContent/Textures/T_CobbleStone_04_R.uasset"
[2015.08.09-14.01.45:749][  0]LogPackFactory: Copied "../../../Samples/StarterContent/Content/StarterContent/Textures/T_CobbleStone_Pebble_D.uasset" to "E:/MAD/MAD/ProjectMad/Content/StarterContent/Textures/T_CobbleStone_Pebble_D.uasset"
[2015.08.09-14.01.45:792][  0]LogPackFactory: Copied "../../../Samples/StarterContent/Content/StarterContent/Textures/T_CobbleStone_Pebble_M.uasset" to "E:/MAD/MAD/ProjectMad/Content/StarterContent/Textures/T_CobbleStone_Pebble_M.uasset"
[2015.08.09-14.01.45:909][  0]LogPackFactory: Copied "../../../Samples/StarterContent/Content/StarterContent/Textures/T_CobbleStone_Pebble_N.uasset" to "E:/MAD/MAD/ProjectMad/Content/StarterContent/Textures/T_CobbleStone_Pebble_N.uasset"
[2015.08.09-14.01.45:922][  0]LogPackFactory: Copied "../../../Samples/StarterContent/Content/StarterContent/Textures/T_CobbleStone_Rough_D.uasset" to "E:/MAD/MAD/ProjectMad/Content/StarterContent/Textures/T_CobbleStone_Rough_D.uasset"
[2015.08.09-14.01.45:935][  0]LogPackFactory: Copied "../../../Samples/StarterContent/Content/StarterContent/Textures/T_CobbleStone_Rough_N.uasset" to "E:/MAD/MAD/ProjectMad/Content/StarterContent/Textures/T_CobbleStone_Rough_N.uasset"
[2015.08.09-14.01.46:088][  0]LogPackFactory: Copied "../../../Samples/StarterContent/Content/StarterContent/Textures/T_CobbleStone_Smooth_D.uasset" to "E:/MAD/MAD/ProjectMad/Content/StarterContent/Textures/T_CobbleStone_Smooth_D.uasset"
[2015.08.09-14.01.46:113][  0]LogPackFactory: Copied "../../../Samples/StarterContent/Content/StarterContent/Textures/T_CobbleStone_Smooth_M.uasset" to "E:/MAD/MAD/ProjectMad/Content/StarterContent/Textures/T_CobbleStone_Smooth_M.uasset"
[2015.08.09-14.01.46:150][  0]LogPackFactory: Copied "../../../Samples/StarterContent/Content/StarterContent/Textures/T_CobbleStone_Smooth_N.uasset" to "E:/MAD/MAD/ProjectMad/Content/StarterContent/Textures/T_CobbleStone_Smooth_N.uasset"
[2015.08.09-14.01.46:167][  0]LogPackFactory: Copied "../../../Samples/StarterContent/Content/StarterContent/Textures/T_Cobble_01_H.uasset" to "E:/MAD/MAD/ProjectMad/Content/StarterContent/Textures/T_Cobble_01_H.uasset"
[2015.08.09-14.01.46:178][  0]LogPackFactory: Copied "../../../Samples/StarterContent/Content/StarterContent/Textures/T_Concrete01_D.uasset" to "E:/MAD/MAD/ProjectMad/Content/StarterContent/Textures/T_Concrete01_D.uasset"
[2015.08.09-14.01.46:179][  0]LogPackFactory: Copied "../../../Samples/StarterContent/Content/StarterContent/Textures/T_Concrete01_N.uasset" to "E:/MAD/MAD/ProjectMad/Content/StarterContent/Textures/T_Concrete01_N.uasset"
[2015.08.09-14.01.46:180][  0]LogPackFactory: Copied "../../../Samples/StarterContent/Content/StarterContent/Textures/T_Concrete_01_D.uasset" to "E:/MAD/MAD/ProjectMad/Content/StarterContent/Textures/T_Concrete_01_D.uasset"
[2015.08.09-14.01.46:180][  0]LogPackFactory: Copied "../../../Samples/StarterContent/Content/StarterContent/Textures/T_Concrete_01_N.uasset" to "E:/MAD/MAD/ProjectMad/Content/StarterContent/Textures/T_Concrete_01_N.uasset"
[2015.08.09-14.01.46:295][  0]LogPackFactory: Copied "../../../Samples/StarterContent/Content/StarterContent/Textures/T_Concrete_D.uasset" to "E:/MAD/MAD/ProjectMad/Content/StarterContent/Textures/T_Concrete_D.uasset"
[2015.08.09-14.01.46:295][  0]LogPackFactory: Copied "../../../Samples/StarterContent/Content/StarterContent/Textures/T_Concrete_Floor01.uasset" to "E:/MAD/MAD/ProjectMad/Content/StarterContent/Textures/T_Concrete_Floor01.uasset"
[2015.08.09-14.01.46:296][  0]LogPackFactory: Copied "../../../Samples/StarterContent/Content/StarterContent/Textures/T_Concrete_Floor01_N.uasset" to "E:/MAD/MAD/ProjectMad/Content/StarterContent/Textures/T_Concrete_Floor01_N.uasset"
[2015.08.09-14.01.46:333][  0]LogPackFactory: Copied "../../../Samples/StarterContent/Content/StarterContent/Textures/T_Concrete_Grime_D.uasset" to "E:/MAD/MAD/ProjectMad/Content/StarterContent/Textures/T_Concrete_Grime_D.uasset"
[2015.08.09-14.01.46:458][  0]LogPackFactory: Copied "../../../Samples/StarterContent/Content/StarterContent/Textures/T_Concrete_N.uasset" to "E:/MAD/MAD/ProjectMad/Content/StarterContent/Textures/T_Concrete_N.uasset"
[2015.08.09-14.01.46:489][  0]LogPackFactory: Copied "../../../Samples/StarterContent/Content/StarterContent/Textures/T_Concrete_Panels_D.uasset" to "E:/MAD/MAD/ProjectMad/Content/StarterContent/Textures/T_Concrete_Panels_D.uasset"
[2015.08.09-14.01.46:513][  0]LogPackFactory: Copied "../../../Samples/StarterContent/Content/StarterContent/Textures/T_Concrete_Panels_N.uasset" to "E:/MAD/MAD/ProjectMad/Content/StarterContent/Textures/T_Concrete_Panels_N.uasset"
[2015.08.09-14.01.46:694][  0]LogPackFactory: Copied "../../../Samples/StarterContent/Content/StarterContent/Textures/T_Concrete_Poured_D.uasset" to "E:/MAD/MAD/ProjectMad/Content/StarterContent/Textures/T_Concrete_Poured_D.uasset"
[2015.08.09-14.01.46:803][  0]LogPackFactory: Copied "../../../Samples/StarterContent/Content/StarterContent/Textures/T_Concrete_Poured_N.uasset" to "E:/MAD/MAD/ProjectMad/Content/StarterContent/Textures/T_Concrete_Poured_N.uasset"
[2015.08.09-14.01.46:877][  0]LogPackFactory: Copied "../../../Samples/StarterContent/Content/StarterContent/Textures/T_Concrete_Tiles_D.uasset" to "E:/MAD/MAD/ProjectMad/Content/StarterContent/Textures/T_Concrete_Tiles_D.uasset"
[2015.08.09-14.01.47:002][  0]LogPackFactory: Copied "../../../Samples/StarterContent/Content/StarterContent/Textures/T_Concrete_Tiles_M.uasset" to "E:/MAD/MAD/ProjectMad/Content/StarterContent/Textures/T_Concrete_Tiles_M.uasset"
[2015.08.09-14.01.47:036][  0]LogPackFactory: Copied "../../../Samples/StarterContent/Content/StarterContent/Textures/T_Concrete_Tiles_N.uasset" to "E:/MAD/MAD/ProjectMad/Content/StarterContent/Textures/T_Concrete_Tiles_N.uasset"
[2015.08.09-14.01.47:103][  0]LogPackFactory: Copied "../../../Samples/StarterContent/Content/StarterContent/Textures/T_Concrete_Tiles_Variation_M.uasset" to "E:/MAD/MAD/ProjectMad/Content/StarterContent/Textures/T_Concrete_Tiles_Variation_M.uasset"
[2015.08.09-14.01.47:104][  0]LogPackFactory: Copied "../../../Samples/StarterContent/Content/StarterContent/Textures/T_Concrete_Wall07.uasset" to "E:/MAD/MAD/ProjectMad/Content/StarterContent/Textures/T_Concrete_Wall07.uasset"
[2015.08.09-14.01.47:104][  0]LogPackFactory: Copied "../../../Samples/StarterContent/Content/StarterContent/Textures/T_Concrete_Wall07_N.uasset" to "E:/MAD/MAD/ProjectMad/Content/StarterContent/Textures/T_Concrete_Wall07_N.uasset"
[2015.08.09-14.01.47:105][  0]LogPackFactory: Copied "../../../Samples/StarterContent/Content/StarterContent/Textures/T_Concrete_Wall_D.uasset" to "E:/MAD/MAD/ProjectMad/Content/StarterContent/Textures/T_Concrete_Wall_D.uasset"
[2015.08.09-14.01.47:179][  0]LogPackFactory: Copied "../../../Samples/StarterContent/Content/StarterContent/Textures/T_Concrete_Wall_N.uasset" to "E:/MAD/MAD/ProjectMad/Content/StarterContent/Textures/T_Concrete_Wall_N.uasset"
[2015.08.09-14.01.47:180][  0]LogPackFactory: Copied "../../../Samples/StarterContent/Content/StarterContent/Textures/T_DesertCrystal01_N.uasset" to "E:/MAD/MAD/ProjectMad/Content/StarterContent/Textures/T_DesertCrystal01_N.uasset"
[2015.08.09-14.01.47:190][  0]LogPackFactory: Copied "../../../Samples/StarterContent/Content/StarterContent/Textures/T_Detail_Rocky_N.uasset" to "E:/MAD/MAD/ProjectMad/Content/StarterContent/Textures/T_Detail_Rocky_N.uasset"
[2015.08.09-14.01.47:191][  0]LogPackFactory: Copied "../../../Samples/StarterContent/Content/StarterContent/Textures/T_Dirt_D.uasset" to "E:/MAD/MAD/ProjectMad/Content/StarterContent/Textures/T_Dirt_D.uasset"
[2015.08.09-14.01.47:281][  0]LogPackFactory: Copied "../../../Samples/StarterContent/Content/StarterContent/Textures/T_Dirt_N.uasset" to "E:/MAD/MAD/ProjectMad/Content/StarterContent/Textures/T_Dirt_N.uasset"
[2015.08.09-14.01.47:284][  0]LogPackFactory: Copied "../../../Samples/StarterContent/Content/StarterContent/Textures/T_Door_M.uasset" to "E:/MAD/MAD/ProjectMad/Content/StarterContent/Textures/T_Door_M.uasset"
[2015.08.09-14.01.47:288][  0]LogPackFactory: Copied "../../../Samples/StarterContent/Content/StarterContent/Textures/T_Door_N.uasset" to "E:/MAD/MAD/ProjectMad/Content/StarterContent/Textures/T_Door_N.uasset"
[2015.08.09-14.01.47:289][  0]LogPackFactory: Copied "../../../Samples/StarterContent/Content/StarterContent/Textures/T_Dust_Particle_D.uasset" to "E:/MAD/MAD/ProjectMad/Content/StarterContent/Textures/T_Dust_Particle_D.uasset"
[2015.08.09-14.01.47:402][  0]LogPackFactory: Copied "../../../Samples/StarterContent/Content/StarterContent/Textures/T_Explosion_SubUV.uasset" to "E:/MAD/MAD/ProjectMad/Content/StarterContent/Textures/T_Explosion_SubUV.uasset"
[2015.08.09-14.01.47:405][  0]LogPackFactory: Copied "../../../Samples/StarterContent/Content/StarterContent/Textures/T_Fire_SubUV.uasset" to "E:/MAD/MAD/ProjectMad/Content/StarterContent/Textures/T_Fire_SubUV.uasset"
[2015.08.09-14.01.47:567][  0]LogPackFactory: Copied "../../../Samples/StarterContent/Content/StarterContent/Textures/T_Fire_Tiled_D.uasset" to "E:/MAD/MAD/ProjectMad/Content/StarterContent/Textures/T_Fire_Tiled_D.uasset"
[2015.08.09-14.01.47:570][  0]LogPackFactory: Copied "../../../Samples/StarterContent/Content/StarterContent/Textures/T_Frame_M.uasset" to "E:/MAD/MAD/ProjectMad/Content/StarterContent/Textures/T_Frame_M.uasset"
[2015.08.09-14.01.47:585][  0]LogPackFactory: Copied "../../../Samples/StarterContent/Content/StarterContent/Textures/T_Frame_N.uasset" to "E:/MAD/MAD/ProjectMad/Content/StarterContent/Textures/T_Frame_N.uasset"
[2015.08.09-14.01.47:585][  0]LogPackFactory: Copied "../../../Samples/StarterContent/Content/StarterContent/Textures/T_Generic_Concrete_Base02.uasset" to "E:/MAD/MAD/ProjectMad/Content/StarterContent/Textures/T_Generic_Concrete_Base02.uasset"
[2015.08.09-14.01.47:586][  0]LogPackFactory: Copied "../../../Samples/StarterContent/Content/StarterContent/Textures/T_Generic_Concrete_Base02_N.uasset" to "E:/MAD/MAD/ProjectMad/Content/StarterContent/Textures/T_Generic_Concrete_Base02_N.uasset"
[2015.08.09-14.01.47:586][  0]LogPackFactory: Copied "../../../Samples/StarterContent/Content/StarterContent/Textures/T_Generic_Concrete_Base04_D.uasset" to "E:/MAD/MAD/ProjectMad/Content/StarterContent/Textures/T_Generic_Concrete_Base04_D.uasset"
[2015.08.09-14.01.47:636][  0]LogPackFactory: Copied "../../../Samples/StarterContent/Content/StarterContent/Textures/T_Generic_Concrete_Base04_N.uasset" to "E:/MAD/MAD/ProjectMad/Content/StarterContent/Textures/T_Generic_Concrete_Base04_N.uasset"
[2015.08.09-14.01.47:637][  0]LogPackFactory: Copied "../../../Samples/StarterContent/Content/StarterContent/Textures/T_Generic_Concrete_Base_06.uasset" to "E:/MAD/MAD/ProjectMad/Content/StarterContent/Textures/T_Generic_Concrete_Base_06.uasset"
[2015.08.09-14.01.47:637][  0]LogPackFactory: Copied "../../../Samples/StarterContent/Content/StarterContent/Textures/T_Generic_Concrete_Base_06_N.uasset" to "E:/MAD/MAD/ProjectMad/Content/StarterContent/Textures/T_Generic_Concrete_Base_06_N.uasset"
[2015.08.09-14.01.47:638][  0]LogPackFactory: Copied "../../../Samples/StarterContent/Content/StarterContent/Textures/T_Generic_Concrete_Base_07.uasset" to "E:/MAD/MAD/ProjectMad/Content/StarterContent/Textures/T_Generic_Concrete_Base_07.uasset"
[2015.08.09-14.01.47:719][  0]LogPackFactory: Copied "../../../Samples/StarterContent/Content/StarterContent/Textures/T_Generic_Concrete_Base_07_N.uasset" to "E:/MAD/MAD/ProjectMad/Content/StarterContent/Textures/T_Generic_Concrete_Base_07_N.uasset"
[2015.08.09-14.01.47:720][  0]LogPackFactory: Copied "../../../Samples/StarterContent/Content/StarterContent/Textures/T_Gradinet_01.uasset" to "E:/MAD/MAD/ProjectMad/Content/StarterContent/Textures/T_Gradinet_01.uasset"
[2015.08.09-14.01.47:720][  0]LogPackFactory: Copied "../../../Samples/StarterContent/Content/StarterContent/Textures/T_Gravel_D.uasset" to "E:/MAD/MAD/ProjectMad/Content/StarterContent/Textures/T_Gravel_D.uasset"
[2015.08.09-14.01.47:720][  0]LogPackFactory: Copied "../../../Samples/StarterContent/Content/StarterContent/Textures/T_Gravel_N.uasset" to "E:/MAD/MAD/ProjectMad/Content/StarterContent/Textures/T_Gravel_N.uasset"
[2015.08.09-14.01.47:744][  0]LogPackFactory: Copied "../../../Samples/StarterContent/Content/StarterContent/Textures/T_Ground_01_D.uasset" to "E:/MAD/MAD/ProjectMad/Content/StarterContent/Textures/T_Ground_01_D.uasset"
[2015.08.09-14.01.47:744][  0]LogPackFactory: Copied "../../../Samples/StarterContent/Content/StarterContent/Textures/T_Ground_01_N.uasset" to "E:/MAD/MAD/ProjectMad/Content/StarterContent/Textures/T_Ground_01_N.uasset"
[2015.08.09-14.01.47:826][  0]LogPackFactory: Copied "../../../Samples/StarterContent/Content/StarterContent/Textures/T_Ground_02_D.uasset" to "E:/MAD/MAD/ProjectMad/Content/StarterContent/Textures/T_Ground_02_D.uasset"
[2015.08.09-14.01.47:826][  0]LogPackFactory: Copied "../../../Samples/StarterContent/Content/StarterContent/Textures/T_Ground_02_N.uasset" to "E:/MAD/MAD/ProjectMad/Content/StarterContent/Textures/T_Ground_02_N.uasset"
[2015.08.09-14.01.47:912][  0]LogPackFactory: Copied "../../../Samples/StarterContent/Content/StarterContent/Textures/T_Ground_Detail_N.uasset" to "E:/MAD/MAD/ProjectMad/Content/StarterContent/Textures/T_Ground_Detail_N.uasset"
[2015.08.09-14.01.47:912][  0]LogPackFactory: Copied "../../../Samples/StarterContent/Content/StarterContent/Textures/T_Ground_Dirt_D.uasset" to "E:/MAD/MAD/ProjectMad/Content/StarterContent/Textures/T_Ground_Dirt_D.uasset"
[2015.08.09-14.01.47:913][  0]LogPackFactory: Copied "../../../Samples/StarterContent/Content/StarterContent/Textures/T_Ground_Dirt_N.uasset" to "E:/MAD/MAD/ProjectMad/Content/StarterContent/Textures/T_Ground_Dirt_N.uasset"
[2015.08.09-14.01.47:949][  0]LogPackFactory: Copied "../../../Samples/StarterContent/Content/StarterContent/Textures/T_Ground_Grass_D.uasset" to "E:/MAD/MAD/ProjectMad/Content/StarterContent/Textures/T_Ground_Grass_D.uasset"
[2015.08.09-14.01.48:144][  0]LogPackFactory: Copied "../../../Samples/StarterContent/Content/StarterContent/Textures/T_Ground_Grass_N.uasset" to "E:/MAD/MAD/ProjectMad/Content/StarterContent/Textures/T_Ground_Grass_N.uasset"
[2015.08.09-14.01.48:181][  0]LogPackFactory: Copied "../../../Samples/StarterContent/Content/StarterContent/Textures/T_Ground_Gravel_D.uasset" to "E:/MAD/MAD/ProjectMad/Content/StarterContent/Textures/T_Ground_Gravel_D.uasset"
[2015.08.09-14.01.48:206][  0]LogPackFactory: Copied "../../../Samples/StarterContent/Content/StarterContent/Textures/T_Ground_Gravel_N.uasset" to "E:/MAD/MAD/ProjectMad/Content/StarterContent/Textures/T_Ground_Gravel_N.uasset"
[2015.08.09-14.01.48:248][  0]LogPackFactory: Copied "../../../Samples/StarterContent/Content/StarterContent/Textures/T_ground_Moss_D.uasset" to "E:/MAD/MAD/ProjectMad/Content/StarterContent/Textures/T_ground_Moss_D.uasset"
[2015.08.09-14.01.48:306][  0]LogPackFactory: Copied "../../../Samples/StarterContent/Content/StarterContent/Textures/T_Ground_Moss_N.uasset" to "E:/MAD/MAD/ProjectMad/Content/StarterContent/Textures/T_Ground_Moss_N.uasset"
[2015.08.09-14.01.48:306][  0]LogPackFactory: Copied "../../../Samples/StarterContent/Content/StarterContent/Textures/T_Ground_Noise_N.uasset" to "E:/MAD/MAD/ProjectMad/Content/StarterContent/Textures/T_Ground_Noise_N.uasset"
[2015.08.09-14.01.48:310][  0]LogPackFactory: Copied "../../../Samples/StarterContent/Content/StarterContent/Textures/T_Lamp_M.uasset" to "E:/MAD/MAD/ProjectMad/Content/StarterContent/Textures/T_Lamp_M.uasset"
[2015.08.09-14.01.48:318][  0]LogPackFactory: Copied "../../../Samples/StarterContent/Content/StarterContent/Textures/T_Lamp_N.uasset" to "E:/MAD/MAD/ProjectMad/Content/StarterContent/Textures/T_Lamp_N.uasset"
[2015.08.09-14.01.48:382][  0]LogPackFactory: Copied "../../../Samples/StarterContent/Content/StarterContent/Textures/T_MacroVariation.uasset" to "E:/MAD/MAD/ProjectMad/Content/StarterContent/Textures/T_MacroVariation.uasset"
[2015.08.09-14.01.48:460][  0]LogPackFactory: Copied "../../../Samples/StarterContent/Content/StarterContent/Textures/T_Metal_Aluminum_D.uasset" to "E:/MAD/MAD/ProjectMad/Content/StarterContent/Textures/T_Metal_Aluminum_D.uasset"
[2015.08.09-14.01.48:692][  0]LogPackFactory: Copied "../../../Samples/StarterContent/Content/StarterContent/Textures/T_Metal_Copper_D.uasset" to "E:/MAD/MAD/ProjectMad/Content/StarterContent/Textures/T_Metal_Copper_D.uasset"
[2015.08.09-14.01.48:693][  0]LogPackFactory: Copied "../../../Samples/StarterContent/Content/StarterContent/Textures/T_Metal_Dark_Gun_metal_E.uasset" to "E:/MAD/MAD/ProjectMad/Content/StarterContent/Textures/T_Metal_Dark_Gun_metal_E.uasset"
[2015.08.09-14.01.48:711][  0]LogPackFactory: Copied "../../../Samples/StarterContent/Content/StarterContent/Textures/T_Metal_Dark_Gun_metal_N.uasset" to "E:/MAD/MAD/ProjectMad/Content/StarterContent/Textures/T_Metal_Dark_Gun_metal_N.uasset"
[2015.08.09-14.01.48:740][  0]LogPackFactory: Copied "../../../Samples/StarterContent/Content/StarterContent/Textures/T_Metal_Gold_D.uasset" to "E:/MAD/MAD/ProjectMad/Content/StarterContent/Textures/T_Metal_Gold_D.uasset"
[2015.08.09-14.01.48:806][  0]LogPackFactory: Copied "../../../Samples/StarterContent/Content/StarterContent/Textures/T_Metal_Gold_N.uasset" to "E:/MAD/MAD/ProjectMad/Content/StarterContent/Textures/T_Metal_Gold_N.uasset"
[2015.08.09-14.01.48:807][  0]LogPackFactory: Copied "../../../Samples/StarterContent/Content/StarterContent/Textures/T_Metal_Metal01_D.uasset" to "E:/MAD/MAD/ProjectMad/Content/StarterContent/Textures/T_Metal_Metal01_D.uasset"
[2015.08.09-14.01.48:823][  0]LogPackFactory: Copied "../../../Samples/StarterContent/Content/StarterContent/Textures/T_Metal_Metal01_N.uasset" to "E:/MAD/MAD/ProjectMad/Content/StarterContent/Textures/T_Metal_Metal01_N.uasset"
[2015.08.09-14.01.48:824][  0]LogPackFactory: Copied "../../../Samples/StarterContent/Content/StarterContent/Textures/T_Metal_Metal03_D.uasset" to "E:/MAD/MAD/ProjectMad/Content/StarterContent/Textures/T_Metal_Metal03_D.uasset"
[2015.08.09-14.01.48:824][  0]LogPackFactory: Copied "../../../Samples/StarterContent/Content/StarterContent/Textures/T_Metal_Metal03_N.uasset" to "E:/MAD/MAD/ProjectMad/Content/StarterContent/Textures/T_Metal_Metal03_N.uasset"
[2015.08.09-14.01.48:824][  0]LogPackFactory: Copied "../../../Samples/StarterContent/Content/StarterContent/Textures/T_Metal_Painted_04_D.uasset" to "E:/MAD/MAD/ProjectMad/Content/StarterContent/Textures/T_Metal_Painted_04_D.uasset"
[2015.08.09-14.01.48:875][  0]LogPackFactory: Copied "../../../Samples/StarterContent/Content/StarterContent/Textures/T_Metal_Painted_04_N.uasset" to "E:/MAD/MAD/ProjectMad/Content/StarterContent/Textures/T_Metal_Painted_04_N.uasset"
[2015.08.09-14.01.48:876][  0]LogPackFactory: Copied "../../../Samples/StarterContent/Content/StarterContent/Textures/T_Metal_Rust_01_D.uasset" to "E:/MAD/MAD/ProjectMad/Content/StarterContent/Textures/T_Metal_Rust_01_D.uasset"
[2015.08.09-14.01.48:876][  0]LogPackFactory: Copied "../../../Samples/StarterContent/Content/StarterContent/Textures/T_Metal_Rust_01_N.uasset" to "E:/MAD/MAD/ProjectMad/Content/StarterContent/Textures/T_Metal_Rust_01_N.uasset"
[2015.08.09-14.01.48:907][  0]LogPackFactory: Copied "../../../Samples/StarterContent/Content/StarterContent/Textures/T_Metal_Rust_D.uasset" to "E:/MAD/MAD/ProjectMad/Content/StarterContent/Textures/T_Metal_Rust_D.uasset"
[2015.08.09-14.01.49:005][  0]LogPackFactory: Copied "../../../Samples/StarterContent/Content/StarterContent/Textures/T_Metal_Rust_N.uasset" to "E:/MAD/MAD/ProjectMad/Content/StarterContent/Textures/T_Metal_Rust_N.uasset"
[2015.08.09-14.01.49:028][  0]LogPackFactory: Copied "../../../Samples/StarterContent/Content/StarterContent/Textures/T_Metal_Scuffed_D.uasset" to "E:/MAD/MAD/ProjectMad/Content/StarterContent/Textures/T_Metal_Scuffed_D.uasset"
[2015.08.09-14.01.49:028][  0]LogPackFactory: Copied "../../../Samples/StarterContent/Content/StarterContent/Textures/T_Metal_Scuffed_N.uasset" to "E:/MAD/MAD/ProjectMad/Content/StarterContent/Textures/T_Metal_Scuffed_N.uasset"
[2015.08.09-14.01.49:043][  0]LogPackFactory: Copied "../../../Samples/StarterContent/Content/StarterContent/Textures/T_Metal_Steel_D.uasset" to "E:/MAD/MAD/ProjectMad/Content/StarterContent/Textures/T_Metal_Steel_D.uasset"
[2015.08.09-14.01.49:187][  0]LogPackFactory: Copied "../../../Samples/StarterContent/Content/StarterContent/Textures/T_Metal_Steel_N.uasset" to "E:/MAD/MAD/ProjectMad/Content/StarterContent/Textures/T_Metal_Steel_N.uasset"
[2015.08.09-14.01.49:187][  0]LogPackFactory: Copied "../../../Samples/StarterContent/Content/StarterContent/Textures/T_PaintedMetal01.uasset" to "E:/MAD/MAD/ProjectMad/Content/StarterContent/Textures/T_PaintedMetal01.uasset"
[2015.08.09-14.01.49:188][  0]LogPackFactory: Copied "../../../Samples/StarterContent/Content/StarterContent/Textures/T_PaintedMetal01_N.uasset" to "E:/MAD/MAD/ProjectMad/Content/StarterContent/Textures/T_PaintedMetal01_N.uasset"
[2015.08.09-14.01.49:188][  0]LogPackFactory: Copied "../../../Samples/StarterContent/Content/StarterContent/Textures/T_Paint_Metal_Rust_D.uasset" to "E:/MAD/MAD/ProjectMad/Content/StarterContent/Textures/T_Paint_Metal_Rust_D.uasset"
[2015.08.09-14.01.49:258][  0]LogPackFactory: Copied "../../../Samples/StarterContent/Content/StarterContent/Textures/T_Paint_Metal_Rust_N.uasset" to "E:/MAD/MAD/ProjectMad/Content/StarterContent/Textures/T_Paint_Metal_Rust_N.uasset"
[2015.08.09-14.01.49:258][  0]LogPackFactory: Copied "../../../Samples/StarterContent/Content/StarterContent/Textures/T_PatchyGrass_D.uasset" to "E:/MAD/MAD/ProjectMad/Content/StarterContent/Textures/T_PatchyGrass_D.uasset"
[2015.08.09-14.01.49:258][  0]LogPackFactory: Copied "../../../Samples/StarterContent/Content/StarterContent/Textures/T_PatchyGrass_N.uasset" to "E:/MAD/MAD/ProjectMad/Content/StarterContent/Textures/T_PatchyGrass_N.uasset"
[2015.08.09-14.01.49:285][  0]LogPackFactory: Copied "../../../Samples/StarterContent/Content/StarterContent/Textures/T_Perlin_Noise_M.uasset" to "E:/MAD/MAD/ProjectMad/Content/StarterContent/Textures/T_Perlin_Noise_M.uasset"
[2015.08.09-14.01.49:423][  0]LogPackFactory: Copied "../../../Samples/StarterContent/Content/StarterContent/Textures/T_RockMesh_M.uasset" to "E:/MAD/MAD/ProjectMad/Content/StarterContent/Textures/T_RockMesh_M.uasset"
[2015.08.09-14.01.49:447][  0]LogPackFactory: Copied "../../../Samples/StarterContent/Content/StarterContent/Textures/T_RockMesh_N.uasset" to "E:/MAD/MAD/ProjectMad/Content/StarterContent/Textures/T_RockMesh_N.uasset"
[2015.08.09-14.01.49:448][  0]LogPackFactory: Copied "../../../Samples/StarterContent/Content/StarterContent/Textures/T_Rocky_01_N.uasset" to "E:/MAD/MAD/ProjectMad/Content/StarterContent/Textures/T_Rocky_01_N.uasset"
[2015.08.09-14.01.49:449][  0]LogPackFactory: Copied "../../../Samples/StarterContent/Content/StarterContent/Textures/T_Rock_01_D.uasset" to "E:/MAD/MAD/ProjectMad/Content/StarterContent/Textures/T_Rock_01_D.uasset"
[2015.08.09-14.01.49:521][  0]LogPackFactory: Copied "../../../Samples/StarterContent/Content/StarterContent/Textures/T_Rock_01_N.uasset" to "E:/MAD/MAD/ProjectMad/Content/StarterContent/Textures/T_Rock_01_N.uasset"
[2015.08.09-14.01.49:522][  0]LogPackFactory: Copied "../../../Samples/StarterContent/Content/StarterContent/Textures/T_Rock_03_D.uasset" to "E:/MAD/MAD/ProjectMad/Content/StarterContent/Textures/T_Rock_03_D.uasset"
[2015.08.09-14.01.49:523][  0]LogPackFactory: Copied "../../../Samples/StarterContent/Content/StarterContent/Textures/T_Rock_03_N.uasset" to "E:/MAD/MAD/ProjectMad/Content/StarterContent/Textures/T_Rock_03_N.uasset"
[2015.08.09-14.01.49:524][  0]LogPackFactory: Copied "../../../Samples/StarterContent/Content/StarterContent/Textures/T_Rock_05_D.uasset" to "E:/MAD/MAD/ProjectMad/Content/StarterContent/Textures/T_Rock_05_D.uasset"
[2015.08.09-14.01.49:601][  0]LogPackFactory: Copied "../../../Samples/StarterContent/Content/StarterContent/Textures/T_Rock_05_N.uasset" to "E:/MAD/MAD/ProjectMad/Content/StarterContent/Textures/T_Rock_05_N.uasset"
[2015.08.09-14.01.49:602][  0]LogPackFactory: Copied "../../../Samples/StarterContent/Content/StarterContent/Textures/T_Rock_06_D.uasset" to "E:/MAD/MAD/ProjectMad/Content/StarterContent/Textures/T_Rock_06_D.uasset"
[2015.08.09-14.01.49:602][  0]LogPackFactory: Copied "../../../Samples/StarterContent/Content/StarterContent/Textures/T_Rock_06_N.uasset" to "E:/MAD/MAD/ProjectMad/Content/StarterContent/Textures/T_Rock_06_N.uasset"
[2015.08.09-14.01.49:603][  0]LogPackFactory: Copied "../../../Samples/StarterContent/Content/StarterContent/Textures/T_Rock_07b_D.uasset" to "E:/MAD/MAD/ProjectMad/Content/StarterContent/Textures/T_Rock_07b_D.uasset"
[2015.08.09-14.01.49:704][  0]LogPackFactory: Copied "../../../Samples/StarterContent/Content/StarterContent/Textures/T_Rock_07_D.uasset" to "E:/MAD/MAD/ProjectMad/Content/StarterContent/Textures/T_Rock_07_D.uasset"
[2015.08.09-14.01.49:704][  0]LogPackFactory: Copied "../../../Samples/StarterContent/Content/StarterContent/Textures/T_Rock_07_N.uasset" to "E:/MAD/MAD/ProjectMad/Content/StarterContent/Textures/T_Rock_07_N.uasset"
[2015.08.09-14.01.49:705][  0]LogPackFactory: Copied "../../../Samples/StarterContent/Content/StarterContent/Textures/T_Rock_08_D.uasset" to "E:/MAD/MAD/ProjectMad/Content/StarterContent/Textures/T_Rock_08_D.uasset"
[2015.08.09-14.01.49:705][  0]LogPackFactory: Copied "../../../Samples/StarterContent/Content/StarterContent/Textures/T_Rock_08_N.uasset" to "E:/MAD/MAD/ProjectMad/Content/StarterContent/Textures/T_Rock_08_N.uasset"
[2015.08.09-14.01.49:752][  0]LogPackFactory: Copied "../../../Samples/StarterContent/Content/StarterContent/Textures/T_Rock_09_D.uasset" to "E:/MAD/MAD/ProjectMad/Content/StarterContent/Textures/T_Rock_09_D.uasset"
[2015.08.09-14.01.49:753][  0]LogPackFactory: Copied "../../../Samples/StarterContent/Content/StarterContent/Textures/T_Rock_10_D.uasset" to "E:/MAD/MAD/ProjectMad/Content/StarterContent/Textures/T_Rock_10_D.uasset"
[2015.08.09-14.01.49:753][  0]LogPackFactory: Copied "../../../Samples/StarterContent/Content/StarterContent/Textures/T_Rock_10_N.uasset" to "E:/MAD/MAD/ProjectMad/Content/StarterContent/Textures/T_Rock_10_N.uasset"
[2015.08.09-14.01.49:754][  0]LogPackFactory: Copied "../../../Samples/StarterContent/Content/StarterContent/Textures/T_Rock_11b_D.uasset" to "E:/MAD/MAD/ProjectMad/Content/StarterContent/Textures/T_Rock_11b_D.uasset"
[2015.08.09-14.01.49:881][  0]LogPackFactory: Copied "../../../Samples/StarterContent/Content/StarterContent/Textures/T_Rock_Basalt_D.uasset" to "E:/MAD/MAD/ProjectMad/Content/StarterContent/Textures/T_Rock_Basalt_D.uasset"
[2015.08.09-14.01.49:907][  0]LogPackFactory: Copied "../../../Samples/StarterContent/Content/StarterContent/Textures/T_Rock_Basalt_N.uasset" to "E:/MAD/MAD/ProjectMad/Content/StarterContent/Textures/T_Rock_Basalt_N.uasset"
[2015.08.09-14.01.49:957][  0]LogPackFactory: Copied "../../../Samples/StarterContent/Content/StarterContent/Textures/T_Rock_Detail_02_D.uasset" to "E:/MAD/MAD/ProjectMad/Content/StarterContent/Textures/T_Rock_Detail_02_D.uasset"
[2015.08.09-14.01.49:958][  0]LogPackFactory: Copied "../../../Samples/StarterContent/Content/StarterContent/Textures/T_Rock_Detail_02_N.uasset" to "E:/MAD/MAD/ProjectMad/Content/StarterContent/Textures/T_Rock_Detail_02_N.uasset"
[2015.08.09-14.01.50:028][  0]LogPackFactory: Copied "../../../Samples/StarterContent/Content/StarterContent/Textures/T_Rock_Detail_03_D.uasset" to "E:/MAD/MAD/ProjectMad/Content/StarterContent/Textures/T_Rock_Detail_03_D.uasset"
[2015.08.09-14.01.50:046][  0]LogPackFactory: Copied "../../../Samples/StarterContent/Content/StarterContent/Textures/T_Rock_Marble_Polished_D.uasset" to "E:/MAD/MAD/ProjectMad/Content/StarterContent/Textures/T_Rock_Marble_Polished_D.uasset"
[2015.08.09-14.01.50:135][  0]LogPackFactory: Copied "../../../Samples/StarterContent/Content/StarterContent/Textures/T_Rock_Sandstone_D.uasset" to "E:/MAD/MAD/ProjectMad/Content/StarterContent/Textures/T_Rock_Sandstone_D.uasset"
[2015.08.09-14.01.50:163][  0]LogPackFactory: Copied "../../../Samples/StarterContent/Content/StarterContent/Textures/T_Rock_Sandstone_N.uasset" to "E:/MAD/MAD/ProjectMad/Content/StarterContent/Textures/T_Rock_Sandstone_N.uasset"
[2015.08.09-14.01.50:291][  0]LogPackFactory: Copied "../../../Samples/StarterContent/Content/StarterContent/Textures/T_Rock_Slate_D.uasset" to "E:/MAD/MAD/ProjectMad/Content/StarterContent/Textures/T_Rock_Slate_D.uasset"
[2015.08.09-14.01.50:323][  0]LogPackFactory: Copied "../../../Samples/StarterContent/Content/StarterContent/Textures/T_Rock_Slate_N.uasset" to "E:/MAD/MAD/ProjectMad/Content/StarterContent/Textures/T_Rock_Slate_N.uasset"
[2015.08.09-14.01.50:428][  0]LogPackFactory: Copied "../../../Samples/StarterContent/Content/StarterContent/Textures/T_Rock_Smooth_Granite_D.uasset" to "E:/MAD/MAD/ProjectMad/Content/StarterContent/Textures/T_Rock_Smooth_Granite_D.uasset"
[2015.08.09-14.01.50:431][  0]LogPackFactory: Copied "../../../Samples/StarterContent/Content/StarterContent/Textures/T_Shelf_M.uasset" to "E:/MAD/MAD/ProjectMad/Content/StarterContent/Textures/T_Shelf_M.uasset"
[2015.08.09-14.01.50:518][  0]LogPackFactory: Copied "../../../Samples/StarterContent/Content/StarterContent/Textures/T_Shelf_N.uasset" to "E:/MAD/MAD/ProjectMad/Content/StarterContent/Textures/T_Shelf_N.uasset"
[2015.08.09-14.01.50:518][  0]LogPackFactory: Copied "../../../Samples/StarterContent/Content/StarterContent/Textures/T_Single_Tile_N.uasset" to "E:/MAD/MAD/ProjectMad/Content/StarterContent/Textures/T_Single_Tile_N.uasset"
[2015.08.09-14.01.50:519][  0]LogPackFactory: Copied "../../../Samples/StarterContent/Content/StarterContent/Textures/T_Sky_Clouds_M.uasset" to "E:/MAD/MAD/ProjectMad/Content/StarterContent/Textures/T_Sky_Clouds_M.uasset"
[2015.08.09-14.01.50:519][  0]LogPackFactory: Copied "../../../Samples/StarterContent/Content/StarterContent/Textures/T_Sky_Stars.uasset" to "E:/MAD/MAD/ProjectMad/Content/StarterContent/Textures/T_Sky_Stars.uasset"
[2015.08.09-14.01.50:662][  0]LogPackFactory: Copied "../../../Samples/StarterContent/Content/StarterContent/Textures/T_Smoke_SubUV.uasset" to "E:/MAD/MAD/ProjectMad/Content/StarterContent/Textures/T_Smoke_SubUV.uasset"
[2015.08.09-14.01.50:664][  0]LogPackFactory: Copied "../../../Samples/StarterContent/Content/StarterContent/Textures/T_Smoke_Tiled_D.uasset" to "E:/MAD/MAD/ProjectMad/Content/StarterContent/Textures/T_Smoke_Tiled_D.uasset"
[2015.08.09-14.01.50:665][  0]LogPackFactory: Copied "../../../Samples/StarterContent/Content/StarterContent/Textures/T_Spark_Core.uasset" to "E:/MAD/MAD/ProjectMad/Content/StarterContent/Textures/T_Spark_Core.uasset"
[2015.08.09-14.01.50:669][  0]LogPackFactory: Copied "../../../Samples/StarterContent/Content/StarterContent/Textures/T_Statue_M.uasset" to "E:/MAD/MAD/ProjectMad/Content/StarterContent/Textures/T_Statue_M.uasset"
[2015.08.09-14.01.50:732][  0]LogPackFactory: Copied "../../../Samples/StarterContent/Content/StarterContent/Textures/T_Statue_N.uasset" to "E:/MAD/MAD/ProjectMad/Content/StarterContent/Textures/T_Statue_N.uasset"
[2015.08.09-14.01.50:733][  0]LogPackFactory: Copied "../../../Samples/StarterContent/Content/StarterContent/Textures/T_Stone_Brick_D.uasset" to "E:/MAD/MAD/ProjectMad/Content/StarterContent/Textures/T_Stone_Brick_D.uasset"
[2015.08.09-14.01.50:734][  0]LogPackFactory: Copied "../../../Samples/StarterContent/Content/StarterContent/Textures/T_Stone_Brick_N.uasset" to "E:/MAD/MAD/ProjectMad/Content/StarterContent/Textures/T_Stone_Brick_N.uasset"
[2015.08.09-14.01.50:739][  0]LogPackFactory: Copied "../../../Samples/StarterContent/Content/StarterContent/Textures/T_TableRound_M.uasset" to "E:/MAD/MAD/ProjectMad/Content/StarterContent/Textures/T_TableRound_M.uasset"
[2015.08.09-14.01.50:794][  0]LogPackFactory: Copied "../../../Samples/StarterContent/Content/StarterContent/Textures/T_TableRound_N.uasset" to "E:/MAD/MAD/ProjectMad/Content/StarterContent/Textures/T_TableRound_N.uasset"
[2015.08.09-14.01.50:796][  0]LogPackFactory: Copied "../../../Samples/StarterContent/Content/StarterContent/Textures/T_Tech_Dot_M.uasset" to "E:/MAD/MAD/ProjectMad/Content/StarterContent/Textures/T_Tech_Dot_M.uasset"
[2015.08.09-14.01.50:798][  0]LogPackFactory: Copied "../../../Samples/StarterContent/Content/StarterContent/Textures/T_Tech_Dot_N.uasset" to "E:/MAD/MAD/ProjectMad/Content/StarterContent/Textures/T_Tech_Dot_N.uasset"
[2015.08.09-14.01.50:802][  0]LogPackFactory: Copied "../../../Samples/StarterContent/Content/StarterContent/Textures/T_Tech_Hex_Tile_M.uasset" to "E:/MAD/MAD/ProjectMad/Content/StarterContent/Textures/T_Tech_Hex_Tile_M.uasset"
[2015.08.09-14.01.50:886][  0]LogPackFactory: Copied "../../../Samples/StarterContent/Content/StarterContent/Textures/T_Tech_Hex_Tile_N.uasset" to "E:/MAD/MAD/ProjectMad/Content/StarterContent/Textures/T_Tech_Hex_Tile_N.uasset"
[2015.08.09-14.01.50:891][  0]LogPackFactory: Copied "../../../Samples/StarterContent/Content/StarterContent/Textures/T_Tech_Panel_M.uasset" to "E:/MAD/MAD/ProjectMad/Content/StarterContent/Textures/T_Tech_Panel_M.uasset"
[2015.08.09-14.01.50:898][  0]LogPackFactory: Copied "../../../Samples/StarterContent/Content/StarterContent/Textures/T_Tech_Panel_N.uasset" to "E:/MAD/MAD/ProjectMad/Content/StarterContent/Textures/T_Tech_Panel_N.uasset"
[2015.08.09-14.01.50:899][  0]LogPackFactory: Copied "../../../Samples/StarterContent/Content/StarterContent/Textures/T_Underground_Base_Pipe_D.uasset" to "E:/MAD/MAD/ProjectMad/Content/StarterContent/Textures/T_Underground_Base_Pipe_D.uasset"
[2015.08.09-14.01.51:019][  0]LogPackFactory: Copied "../../../Samples/StarterContent/Content/StarterContent/Textures/T_Underground_Base_Pipe_N.uasset" to "E:/MAD/MAD/ProjectMad/Content/StarterContent/Textures/T_Underground_Base_Pipe_N.uasset"
[2015.08.09-14.01.51:044][  0]LogPackFactory: Copied "../../../Samples/StarterContent/Content/StarterContent/Textures/T_UNV_Concrete02.uasset" to "E:/MAD/MAD/ProjectMad/Content/StarterContent/Textures/T_UNV_Concrete02.uasset"
[2015.08.09-14.01.51:045][  0]LogPackFactory: Copied "../../../Samples/StarterContent/Content/StarterContent/Textures/T_UNV_Concrete02_N.uasset" to "E:/MAD/MAD/ProjectMad/Content/StarterContent/Textures/T_UNV_Concrete02_N.uasset"
[2015.08.09-14.01.51:052][  0]LogPackFactory: Copied "../../../Samples/StarterContent/Content/StarterContent/Textures/T_Water_M.uasset" to "E:/MAD/MAD/ProjectMad/Content/StarterContent/Textures/T_Water_M.uasset"
[2015.08.09-14.01.51:149][  0]LogPackFactory: Copied "../../../Samples/StarterContent/Content/StarterContent/Textures/T_Water_N.uasset" to "E:/MAD/MAD/ProjectMad/Content/StarterContent/Textures/T_Water_N.uasset"
[2015.08.09-14.01.51:150][  0]LogPackFactory: Copied "../../../Samples/StarterContent/Content/StarterContent/Textures/T_White_Painted_Metal_D.uasset" to "E:/MAD/MAD/ProjectMad/Content/StarterContent/Textures/T_White_Painted_Metal_D.uasset"
[2015.08.09-14.01.51:150][  0]LogPackFactory: Copied "../../../Samples/StarterContent/Content/StarterContent/Textures/T_White_Painted_Metal_N.uasset" to "E:/MAD/MAD/ProjectMad/Content/StarterContent/Textures/T_White_Painted_Metal_N.uasset"
[2015.08.09-14.01.51:151][  0]LogPackFactory: Copied "../../../Samples/StarterContent/Content/StarterContent/Textures/T_Wood_a_d.uasset" to "E:/MAD/MAD/ProjectMad/Content/StarterContent/Textures/T_Wood_a_d.uasset"
[2015.08.09-14.01.51:183][  0]LogPackFactory: Copied "../../../Samples/StarterContent/Content/StarterContent/Textures/T_Wood_A_N.uasset" to "E:/MAD/MAD/ProjectMad/Content/StarterContent/Textures/T_Wood_A_N.uasset"
[2015.08.09-14.01.51:183][  0]LogPackFactory: Copied "../../../Samples/StarterContent/Content/StarterContent/Textures/T_Wood_A_S.uasset" to "E:/MAD/MAD/ProjectMad/Content/StarterContent/Textures/T_Wood_A_S.uasset"
[2015.08.09-14.01.51:200][  0]LogPackFactory: Copied "../../../Samples/StarterContent/Content/StarterContent/Textures/T_Wood_Floor_Walnut_D.uasset" to "E:/MAD/MAD/ProjectMad/Content/StarterContent/Textures/T_Wood_Floor_Walnut_D.uasset"
[2015.08.09-14.01.51:215][  0]LogPackFactory: Copied "../../../Samples/StarterContent/Content/StarterContent/Textures/T_Wood_Floor_Walnut_M.uasset" to "E:/MAD/MAD/ProjectMad/Content/StarterContent/Textures/T_Wood_Floor_Walnut_M.uasset"
[2015.08.09-14.01.51:370][  0]LogPackFactory: Copied "../../../Samples/StarterContent/Content/StarterContent/Textures/T_Wood_Floor_Walnut_N.uasset" to "E:/MAD/MAD/ProjectMad/Content/StarterContent/Textures/T_Wood_Floor_Walnut_N.uasset"
[2015.08.09-14.01.51:417][  0]LogPackFactory: Copied "../../../Samples/StarterContent/Content/StarterContent/Textures/T_Wood_Oak_D.uasset" to "E:/MAD/MAD/ProjectMad/Content/StarterContent/Textures/T_Wood_Oak_D.uasset"
[2015.08.09-14.01.51:439][  0]LogPackFactory: Copied "../../../Samples/StarterContent/Content/StarterContent/Textures/T_Wood_Oak_N.uasset" to "E:/MAD/MAD/ProjectMad/Content/StarterContent/Textures/T_Wood_Oak_N.uasset"
[2015.08.09-14.01.51:470][  0]LogPackFactory: Copied "../../../Samples/StarterContent/Content/StarterContent/Textures/T_Wood_Pine_D.uasset" to "E:/MAD/MAD/ProjectMad/Content/StarterContent/Textures/T_Wood_Pine_D.uasset"
[2015.08.09-14.01.51:696][  0]LogPackFactory: Copied "../../../Samples/StarterContent/Content/StarterContent/Textures/T_Wood_Pine_N.uasset" to "E:/MAD/MAD/ProjectMad/Content/StarterContent/Textures/T_Wood_Pine_N.uasset"
[2015.08.09-14.01.51:720][  0]LogPackFactory: Copied "../../../Samples/StarterContent/Content/StarterContent/Textures/T_Wood_Walnut_D.uasset" to "E:/MAD/MAD/ProjectMad/Content/StarterContent/Textures/T_Wood_Walnut_D.uasset"
[2015.08.09-14.01.51:734][  0]LogPackFactory: Copied "../../../Samples/StarterContent/Content/StarterContent/Textures/T_Wood_Walnut_N.uasset" to "E:/MAD/MAD/ProjectMad/Content/StarterContent/Textures/T_Wood_Walnut_N.uasset"
[2015.08.09-14.01.51:827][  0]LogRenderer: Reallocating scene render targets to support 256x256 (Frame:2).
[2015.08.09-14.01.51:907][  0]Cmd: OBJ SAVEPACKAGE PACKAGE="/Game/StarterContent/Architecture/Floor_400x400" FILE="E:/MAD/MAD/ProjectMad/Content/StarterContent/Architecture/Floor_400x400.uasset" SILENT=true
[2015.08.09-14.01.51:996][  0]LogSavePackage: Save=16.299316ms
[2015.08.09-14.01.51:996][  0]LogSavePackage: Moving 'E:/MAD/MAD/ProjectMad/Saved/Floor_400x400D8D286E64984DD203DC91F9C07FDD50C.tmp' to 'E:/MAD/MAD/ProjectMad/Content/StarterContent/Architecture/Floor_400x400.uasset'
[2015.08.09-14.01.51:997][  0]LogFeaturePack:Warning: Inserted 1 feature packs
[2015.08.09-14.01.51:998][  0]Cmd: MAP LOAD FILE="E:/MAD/MAD/ProjectMad/Content/FirstPersonBP/Maps/FirstPersonExampleMap.umap" TEMPLATE=0 SHOWPROGRESS=1 FEATURELEVEL=3
[2015.08.09-14.01.51:999][  0]LightingResults: New page: Lighting Build
[2015.08.09-14.01.52:012][  0]MapCheck: New page: Map Check
[2015.08.09-14.01.52:012][  0]LightingResults: New page: Lighting Build
[2015.08.09-14.01.52:021][  0]LogParticles: Destroying 0 GPU particle simulations for FXSystem 0x0000004BD2F1EF20
[2015.08.09-14.01.53:837][  0]LogAIModule: Creating AISystem for world FirstPersonExampleMap
[2015.08.09-14.01.53:866][  0]LogEditorServer: Finished looking for orphan Actors (0.000 secs)
[2015.08.09-14.01.55:202][  0]Cmd: MAP CHECKDEP NOCLEARLOG
[2015.08.09-14.01.55:251][  0]MapCheck: Info Map check complete: 0 Error(s), 0 Warning(s), took 48.86ms to complete.
[2015.08.09-14.01.55:252][  0]LogFileHelpers: Loading map 'FirstPersonExampleMap' took 3.254
[2015.08.09-14.01.55:515][  0]LogCollectionManager: Loaded 0 collections in 0.002190 seconds
[2015.08.09-14.01.55:527][  0]LogContentBrowser: Native class hierarchy populated in 0.0111 seconds. Added 1792 classes and 301 folders.
[2015.08.09-14.01.55:600][  0]LogContentBrowser: Native class hierarchy updated for 'WidgetCarousel' in 0.0003 seconds. Added 0 classes and 0 folders.
[2015.08.09-14.01.55:661]